{"D:\\WebProject\\figmaTools\\src\\code.ts": {"path":"D:\\WebProject\\figmaTools\\src\\code.ts","all":true,"statementMap":{"0":{"start":{"line":1,"column":0},"end":{"line":1,"column":43}},"1":{"start":{"line":2,"column":0},"end":{"line":2,"column":67}},"2":{"start":{"line":3,"column":0},"end":{"line":3,"column":0}},"3":{"start":{"line":4,"column":0},"end":{"line":4,"column":52}},"4":{"start":{"line":5,"column":0},"end":{"line":5,"column":0}},"5":{"start":{"line":6,"column":0},"end":{"line":6,"column":37}},"6":{"start":{"line":7,"column":0},"end":{"line":7,"column":33}},"7":{"start":{"line":8,"column":0},"end":{"line":8,"column":24}},"8":{"start":{"line":9,"column":0},"end":{"line":9,"column":33}},"9":{"start":{"line":10,"column":0},"end":{"line":10,"column":4}},"10":{"start":{"line":11,"column":0},"end":{"line":11,"column":43}},"11":{"start":{"line":12,"column":0},"end":{"line":12,"column":36}},"12":{"start":{"line":13,"column":0},"end":{"line":13,"column":88}},"13":{"start":{"line":14,"column":0},"end":{"line":14,"column":29}},"14":{"start":{"line":15,"column":0},"end":{"line":15,"column":0}},"15":{"start":{"line":16,"column":0},"end":{"line":16,"column":42}},"16":{"start":{"line":17,"column":0},"end":{"line":17,"column":0}},"17":{"start":{"line":18,"column":0},"end":{"line":18,"column":9}},"18":{"start":{"line":19,"column":0},"end":{"line":19,"column":41}},"19":{"start":{"line":20,"column":0},"end":{"line":20,"column":42}},"20":{"start":{"line":21,"column":0},"end":{"line":21,"column":57}},"21":{"start":{"line":22,"column":0},"end":{"line":22,"column":33}},"22":{"start":{"line":23,"column":0},"end":{"line":23,"column":31}},"23":{"start":{"line":24,"column":0},"end":{"line":24,"column":24}},"24":{"start":{"line":25,"column":0},"end":{"line":25,"column":0}},"25":{"start":{"line":26,"column":0},"end":{"line":26,"column":47}},"26":{"start":{"line":27,"column":0},"end":{"line":27,"column":102}},"27":{"start":{"line":28,"column":0},"end":{"line":28,"column":8}},"28":{"start":{"line":29,"column":0},"end":{"line":29,"column":36}},"29":{"start":{"line":30,"column":0},"end":{"line":30,"column":65}},"30":{"start":{"line":31,"column":0},"end":{"line":31,"column":35}},"31":{"start":{"line":32,"column":0},"end":{"line":32,"column":100}},"32":{"start":{"line":33,"column":0},"end":{"line":33,"column":80}},"33":{"start":{"line":34,"column":0},"end":{"line":34,"column":16}},"34":{"start":{"line":35,"column":0},"end":{"line":35,"column":38}},"35":{"start":{"line":36,"column":0},"end":{"line":36,"column":9}},"36":{"start":{"line":37,"column":0},"end":{"line":37,"column":101}},"37":{"start":{"line":38,"column":0},"end":{"line":38,"column":8}},"38":{"start":{"line":39,"column":0},"end":{"line":39,"column":53}},"39":{"start":{"line":40,"column":0},"end":{"line":40,"column":0}},"40":{"start":{"line":41,"column":0},"end":{"line":41,"column":17}},"41":{"start":{"line":42,"column":0},"end":{"line":42,"column":34}},"42":{"start":{"line":43,"column":0},"end":{"line":43,"column":66}},"43":{"start":{"line":44,"column":0},"end":{"line":44,"column":102}},"44":{"start":{"line":45,"column":0},"end":{"line":45,"column":54}},"45":{"start":{"line":46,"column":0},"end":{"line":46,"column":23}},"46":{"start":{"line":47,"column":0},"end":{"line":47,"column":30}},"47":{"start":{"line":48,"column":0},"end":{"line":48,"column":16}},"48":{"start":{"line":49,"column":0},"end":{"line":49,"column":26}},"49":{"start":{"line":50,"column":0},"end":{"line":50,"column":9}},"50":{"start":{"line":51,"column":0},"end":{"line":51,"column":5}},"51":{"start":{"line":52,"column":0},"end":{"line":52,"column":51}},"52":{"start":{"line":53,"column":0},"end":{"line":53,"column":65}},"53":{"start":{"line":54,"column":0},"end":{"line":54,"column":59}},"54":{"start":{"line":55,"column":0},"end":{"line":55,"column":52}},"55":{"start":{"line":56,"column":0},"end":{"line":56,"column":35}},"56":{"start":{"line":57,"column":0},"end":{"line":57,"column":47}},"57":{"start":{"line":58,"column":0},"end":{"line":58,"column":17}},"58":{"start":{"line":59,"column":0},"end":{"line":59,"column":7}},"59":{"start":{"line":60,"column":0},"end":{"line":60,"column":0}},"60":{"start":{"line":61,"column":0},"end":{"line":61,"column":32}},"61":{"start":{"line":62,"column":0},"end":{"line":62,"column":22}},"62":{"start":{"line":63,"column":0},"end":{"line":63,"column":48}},"63":{"start":{"line":64,"column":0},"end":{"line":64,"column":0}},"64":{"start":{"line":65,"column":0},"end":{"line":65,"column":67}},"65":{"start":{"line":66,"column":0},"end":{"line":66,"column":45}},"66":{"start":{"line":67,"column":0},"end":{"line":67,"column":76}},"67":{"start":{"line":68,"column":0},"end":{"line":68,"column":68}},"68":{"start":{"line":69,"column":0},"end":{"line":69,"column":3}},"69":{"start":{"line":70,"column":0},"end":{"line":70,"column":2}}},"s":{"0":0,"1":0,"2":0,"3":0,"4":0,"5":0,"6":0,"7":0,"8":0,"9":0,"10":0,"11":0,"12":0,"13":0,"14":0,"15":0,"16":0,"17":0,"18":0,"19":0,"20":0,"21":0,"22":0,"23":0,"24":0,"25":0,"26":0,"27":0,"28":0,"29":0,"30":0,"31":0,"32":0,"33":0,"34":0,"35":0,"36":0,"37":0,"38":0,"39":0,"40":0,"41":0,"42":0,"43":0,"44":0,"45":0,"46":0,"47":0,"48":0,"49":0,"50":0,"51":0,"52":0,"53":0,"54":0,"55":0,"56":0,"57":0,"58":0,"59":0,"60":0,"61":0,"62":0,"63":0,"64":0,"65":0,"66":0,"67":0,"68":0,"69":0},"branchMap":{"0":{"type":"branch","line":1,"loc":{"start":{"line":1,"column":2682},"end":{"line":70,"column":2}},"locations":[{"start":{"line":1,"column":2682},"end":{"line":70,"column":2}}]}},"b":{"0":[0]},"fnMap":{"0":{"name":"(empty-report)","decl":{"start":{"line":1,"column":2682},"end":{"line":70,"column":2}},"loc":{"start":{"line":1,"column":2682},"end":{"line":70,"column":2}},"line":1}},"f":{"0":0}}
,"D:\\WebProject\\figmaTools\\src\\converter.ts": {"path":"D:\\WebProject\\figmaTools\\src\\converter.ts","all":false,"statementMap":{"0":{"start":{"line":1,"column":0},"end":{"line":1,"column":47}},"1":{"start":{"line":2,"column":0},"end":{"line":2,"column":36}},"2":{"start":{"line":3,"column":0},"end":{"line":3,"column":53}},"3":{"start":{"line":4,"column":0},"end":{"line":4,"column":8}},"4":{"start":{"line":5,"column":0},"end":{"line":5,"column":17}},"5":{"start":{"line":6,"column":0},"end":{"line":6,"column":13}},"6":{"start":{"line":7,"column":0},"end":{"line":7,"column":16}},"7":{"start":{"line":8,"column":0},"end":{"line":8,"column":15}},"8":{"start":{"line":9,"column":0},"end":{"line":9,"column":17}},"9":{"start":{"line":10,"column":0},"end":{"line":10,"column":18}},"10":{"start":{"line":11,"column":0},"end":{"line":11,"column":15}},"11":{"start":{"line":12,"column":0},"end":{"line":12,"column":16}},"12":{"start":{"line":13,"column":0},"end":{"line":13,"column":26}},"13":{"start":{"line":14,"column":0},"end":{"line":14,"column":15}},"14":{"start":{"line":15,"column":0},"end":{"line":15,"column":33}},"15":{"start":{"line":16,"column":0},"end":{"line":16,"column":0}},"16":{"start":{"line":17,"column":0},"end":{"line":17,"column":63}},"17":{"start":{"line":18,"column":0},"end":{"line":18,"column":49}},"18":{"start":{"line":19,"column":0},"end":{"line":19,"column":22}},"19":{"start":{"line":20,"column":0},"end":{"line":20,"column":17}},"20":{"start":{"line":21,"column":0},"end":{"line":21,"column":20}},"21":{"start":{"line":22,"column":0},"end":{"line":22,"column":21}},"22":{"start":{"line":23,"column":0},"end":{"line":23,"column":21}},"23":{"start":{"line":24,"column":0},"end":{"line":24,"column":64}},"24":{"start":{"line":25,"column":0},"end":{"line":25,"column":66}},"25":{"start":{"line":26,"column":0},"end":{"line":26,"column":4}},"26":{"start":{"line":27,"column":0},"end":{"line":27,"column":39}},"27":{"start":{"line":28,"column":0},"end":{"line":28,"column":98}},"28":{"start":{"line":29,"column":0},"end":{"line":29,"column":35}},"29":{"start":{"line":30,"column":0},"end":{"line":30,"column":3}},"30":{"start":{"line":31,"column":0},"end":{"line":31,"column":18}},"31":{"start":{"line":32,"column":0},"end":{"line":32,"column":2}},"32":{"start":{"line":33,"column":0},"end":{"line":33,"column":0}},"33":{"start":{"line":34,"column":0},"end":{"line":34,"column":50}},"34":{"start":{"line":35,"column":0},"end":{"line":35,"column":48}},"35":{"start":{"line":36,"column":0},"end":{"line":36,"column":10}},"36":{"start":{"line":37,"column":0},"end":{"line":37,"column":10}},"37":{"start":{"line":38,"column":0},"end":{"line":38,"column":41}},"38":{"start":{"line":39,"column":0},"end":{"line":39,"column":6}},"39":{"start":{"line":40,"column":0},"end":{"line":40,"column":66}},"40":{"start":{"line":41,"column":0},"end":{"line":41,"column":65}},"41":{"start":{"line":42,"column":0},"end":{"line":42,"column":25}},"42":{"start":{"line":43,"column":0},"end":{"line":43,"column":50}},"43":{"start":{"line":44,"column":0},"end":{"line":44,"column":29}},"44":{"start":{"line":45,"column":0},"end":{"line":45,"column":5}},"45":{"start":{"line":46,"column":0},"end":{"line":46,"column":10}},"46":{"start":{"line":47,"column":0},"end":{"line":47,"column":52}},"47":{"start":{"line":48,"column":0},"end":{"line":48,"column":17}},"48":{"start":{"line":49,"column":0},"end":{"line":49,"column":4}},"49":{"start":{"line":50,"column":0},"end":{"line":50,"column":2}},"50":{"start":{"line":51,"column":0},"end":{"line":51,"column":0}},"51":{"start":{"line":52,"column":0},"end":{"line":52,"column":49}},"52":{"start":{"line":53,"column":0},"end":{"line":53,"column":28}},"53":{"start":{"line":54,"column":0},"end":{"line":54,"column":77}},"54":{"start":{"line":55,"column":0},"end":{"line":55,"column":12}},"55":{"start":{"line":56,"column":0},"end":{"line":56,"column":15}},"56":{"start":{"line":57,"column":0},"end":{"line":57,"column":50}},"57":{"start":{"line":58,"column":0},"end":{"line":58,"column":31}},"58":{"start":{"line":59,"column":0},"end":{"line":59,"column":26}},"59":{"start":{"line":60,"column":0},"end":{"line":60,"column":6}},"60":{"start":{"line":61,"column":0},"end":{"line":61,"column":48}},"61":{"start":{"line":62,"column":0},"end":{"line":62,"column":54}},"62":{"start":{"line":63,"column":0},"end":{"line":63,"column":35}},"63":{"start":{"line":64,"column":0},"end":{"line":64,"column":35}},"64":{"start":{"line":65,"column":0},"end":{"line":65,"column":65}},"65":{"start":{"line":66,"column":0},"end":{"line":66,"column":46}},"66":{"start":{"line":67,"column":0},"end":{"line":67,"column":114}},"67":{"start":{"line":68,"column":0},"end":{"line":68,"column":5}},"68":{"start":{"line":69,"column":0},"end":{"line":69,"column":3}},"69":{"start":{"line":70,"column":0},"end":{"line":70,"column":2}},"70":{"start":{"line":71,"column":0},"end":{"line":71,"column":0}},"71":{"start":{"line":72,"column":0},"end":{"line":72,"column":49}},"72":{"start":{"line":73,"column":0},"end":{"line":73,"column":48}},"73":{"start":{"line":74,"column":0},"end":{"line":74,"column":26}},"74":{"start":{"line":75,"column":0},"end":{"line":75,"column":10}},"75":{"start":{"line":76,"column":0},"end":{"line":76,"column":60}},"76":{"start":{"line":77,"column":0},"end":{"line":77,"column":62}},"77":{"start":{"line":78,"column":0},"end":{"line":78,"column":68}},"78":{"start":{"line":79,"column":0},"end":{"line":79,"column":65}},"79":{"start":{"line":80,"column":0},"end":{"line":80,"column":4}},"80":{"start":{"line":81,"column":0},"end":{"line":81,"column":2}},"81":{"start":{"line":82,"column":0},"end":{"line":82,"column":0}},"82":{"start":{"line":83,"column":0},"end":{"line":83,"column":42}},"83":{"start":{"line":84,"column":0},"end":{"line":84,"column":74}},"84":{"start":{"line":85,"column":0},"end":{"line":85,"column":91}},"85":{"start":{"line":86,"column":0},"end":{"line":86,"column":41}},"86":{"start":{"line":87,"column":0},"end":{"line":87,"column":49}},"87":{"start":{"line":88,"column":0},"end":{"line":88,"column":28}},"88":{"start":{"line":89,"column":0},"end":{"line":89,"column":3}},"89":{"start":{"line":90,"column":0},"end":{"line":90,"column":14}},"90":{"start":{"line":91,"column":0},"end":{"line":91,"column":2}},"91":{"start":{"line":92,"column":0},"end":{"line":92,"column":0}},"92":{"start":{"line":93,"column":0},"end":{"line":93,"column":77}},"93":{"start":{"line":94,"column":0},"end":{"line":94,"column":40}},"94":{"start":{"line":95,"column":0},"end":{"line":95,"column":16}},"95":{"start":{"line":96,"column":0},"end":{"line":96,"column":48}},"96":{"start":{"line":97,"column":0},"end":{"line":97,"column":51}},"97":{"start":{"line":98,"column":0},"end":{"line":98,"column":49}},"98":{"start":{"line":99,"column":0},"end":{"line":99,"column":46}},"99":{"start":{"line":100,"column":0},"end":{"line":100,"column":16}},"100":{"start":{"line":101,"column":0},"end":{"line":101,"column":47}},"101":{"start":{"line":102,"column":0},"end":{"line":102,"column":49}},"102":{"start":{"line":103,"column":0},"end":{"line":103,"column":55}},"103":{"start":{"line":104,"column":0},"end":{"line":104,"column":53}},"104":{"start":{"line":105,"column":0},"end":{"line":105,"column":9}},"105":{"start":{"line":106,"column":0},"end":{"line":106,"column":5}},"106":{"start":{"line":107,"column":0},"end":{"line":107,"column":2}},"107":{"start":{"line":108,"column":0},"end":{"line":108,"column":0}},"108":{"start":{"line":109,"column":0},"end":{"line":109,"column":41}},"109":{"start":{"line":110,"column":0},"end":{"line":110,"column":35}},"110":{"start":{"line":111,"column":0},"end":{"line":111,"column":42}},"111":{"start":{"line":112,"column":0},"end":{"line":112,"column":37}},"112":{"start":{"line":113,"column":0},"end":{"line":113,"column":35}},"113":{"start":{"line":114,"column":0},"end":{"line":114,"column":52}},"114":{"start":{"line":115,"column":0},"end":{"line":115,"column":53}},"115":{"start":{"line":116,"column":0},"end":{"line":116,"column":45}},"116":{"start":{"line":117,"column":0},"end":{"line":117,"column":38}},"117":{"start":{"line":118,"column":0},"end":{"line":118,"column":2}},"118":{"start":{"line":119,"column":0},"end":{"line":119,"column":0}},"119":{"start":{"line":120,"column":0},"end":{"line":120,"column":35}},"120":{"start":{"line":121,"column":0},"end":{"line":121,"column":18}},"121":{"start":{"line":122,"column":0},"end":{"line":122,"column":35}},"122":{"start":{"line":123,"column":0},"end":{"line":123,"column":17}},"123":{"start":{"line":124,"column":0},"end":{"line":124,"column":16}},"124":{"start":{"line":125,"column":0},"end":{"line":125,"column":28}},"125":{"start":{"line":126,"column":0},"end":{"line":126,"column":3}},"126":{"start":{"line":127,"column":0},"end":{"line":127,"column":20}},"127":{"start":{"line":128,"column":0},"end":{"line":128,"column":127}},"128":{"start":{"line":129,"column":0},"end":{"line":129,"column":18}},"129":{"start":{"line":130,"column":0},"end":{"line":130,"column":0}},"130":{"start":{"line":131,"column":0},"end":{"line":131,"column":65}},"131":{"start":{"line":132,"column":0},"end":{"line":132,"column":61}},"132":{"start":{"line":133,"column":0},"end":{"line":133,"column":36}},"133":{"start":{"line":134,"column":0},"end":{"line":134,"column":0}},"134":{"start":{"line":135,"column":0},"end":{"line":135,"column":38}},"135":{"start":{"line":136,"column":0},"end":{"line":136,"column":31}},"136":{"start":{"line":137,"column":0},"end":{"line":137,"column":44}},"137":{"start":{"line":138,"column":0},"end":{"line":138,"column":0}},"138":{"start":{"line":139,"column":0},"end":{"line":139,"column":49}},"139":{"start":{"line":140,"column":0},"end":{"line":140,"column":51}},"140":{"start":{"line":141,"column":0},"end":{"line":141,"column":50}},"141":{"start":{"line":142,"column":0},"end":{"line":142,"column":0}},"142":{"start":{"line":143,"column":0},"end":{"line":143,"column":38}},"143":{"start":{"line":144,"column":0},"end":{"line":144,"column":0}},"144":{"start":{"line":145,"column":0},"end":{"line":145,"column":33}},"145":{"start":{"line":146,"column":0},"end":{"line":146,"column":40}},"146":{"start":{"line":147,"column":0},"end":{"line":147,"column":38}},"147":{"start":{"line":148,"column":0},"end":{"line":148,"column":72}},"148":{"start":{"line":149,"column":0},"end":{"line":149,"column":74}},"149":{"start":{"line":150,"column":0},"end":{"line":150,"column":58}},"150":{"start":{"line":151,"column":0},"end":{"line":151,"column":23}},"151":{"start":{"line":152,"column":0},"end":{"line":152,"column":61}},"152":{"start":{"line":153,"column":0},"end":{"line":153,"column":37}},"153":{"start":{"line":154,"column":0},"end":{"line":154,"column":32}},"154":{"start":{"line":155,"column":0},"end":{"line":155,"column":109}},"155":{"start":{"line":156,"column":0},"end":{"line":156,"column":19}},"156":{"start":{"line":157,"column":0},"end":{"line":157,"column":28}},"157":{"start":{"line":158,"column":0},"end":{"line":158,"column":55}},"158":{"start":{"line":159,"column":0},"end":{"line":159,"column":41}},"159":{"start":{"line":160,"column":0},"end":{"line":160,"column":43}},"160":{"start":{"line":161,"column":0},"end":{"line":161,"column":51}},"161":{"start":{"line":162,"column":0},"end":{"line":162,"column":41}},"162":{"start":{"line":163,"column":0},"end":{"line":163,"column":31}},"163":{"start":{"line":164,"column":0},"end":{"line":164,"column":51}},"164":{"start":{"line":165,"column":0},"end":{"line":165,"column":41}},"165":{"start":{"line":166,"column":0},"end":{"line":166,"column":5}},"166":{"start":{"line":167,"column":0},"end":{"line":167,"column":0}},"167":{"start":{"line":168,"column":0},"end":{"line":168,"column":24}},"168":{"start":{"line":169,"column":0},"end":{"line":169,"column":0}},"169":{"start":{"line":170,"column":0},"end":{"line":170,"column":54}},"170":{"start":{"line":171,"column":0},"end":{"line":171,"column":52}},"171":{"start":{"line":172,"column":0},"end":{"line":172,"column":19}},"172":{"start":{"line":173,"column":0},"end":{"line":173,"column":19}},"173":{"start":{"line":174,"column":0},"end":{"line":174,"column":0}},"174":{"start":{"line":175,"column":0},"end":{"line":175,"column":37}},"175":{"start":{"line":176,"column":0},"end":{"line":176,"column":44}},"176":{"start":{"line":177,"column":0},"end":{"line":177,"column":21}},"177":{"start":{"line":178,"column":0},"end":{"line":178,"column":91}},"178":{"start":{"line":179,"column":0},"end":{"line":179,"column":5}},"179":{"start":{"line":180,"column":0},"end":{"line":180,"column":0}},"180":{"start":{"line":181,"column":0},"end":{"line":181,"column":97}},"181":{"start":{"line":182,"column":0},"end":{"line":182,"column":44}},"182":{"start":{"line":183,"column":0},"end":{"line":183,"column":3}},"183":{"start":{"line":184,"column":0},"end":{"line":184,"column":1}},"184":{"start":{"line":185,"column":0},"end":{"line":185,"column":0}},"185":{"start":{"line":186,"column":0},"end":{"line":186,"column":99}},"186":{"start":{"line":187,"column":0},"end":{"line":187,"column":38}},"187":{"start":{"line":188,"column":0},"end":{"line":188,"column":37}},"188":{"start":{"line":189,"column":0},"end":{"line":189,"column":2}},"189":{"start":{"line":190,"column":0},"end":{"line":190,"column":61}},"190":{"start":{"line":191,"column":0},"end":{"line":191,"column":63}},"191":{"start":{"line":192,"column":0},"end":{"line":192,"column":2}},"192":{"start":{"line":193,"column":0},"end":{"line":193,"column":7}},"193":{"start":{"line":194,"column":0},"end":{"line":194,"column":72}},"194":{"start":{"line":195,"column":0},"end":{"line":195,"column":65}},"195":{"start":{"line":196,"column":0},"end":{"line":196,"column":11}},"196":{"start":{"line":197,"column":0},"end":{"line":197,"column":69}},"197":{"start":{"line":198,"column":0},"end":{"line":198,"column":62}},"198":{"start":{"line":199,"column":0},"end":{"line":199,"column":52}},"199":{"start":{"line":200,"column":0},"end":{"line":200,"column":3}},"200":{"start":{"line":201,"column":0},"end":{"line":201,"column":0}},"201":{"start":{"line":202,"column":0},"end":{"line":202,"column":46}},"202":{"start":{"line":203,"column":0},"end":{"line":203,"column":69}},"203":{"start":{"line":204,"column":0},"end":{"line":204,"column":2}},"204":{"start":{"line":205,"column":0},"end":{"line":205,"column":36}},"205":{"start":{"line":206,"column":0},"end":{"line":206,"column":45}},"206":{"start":{"line":207,"column":0},"end":{"line":207,"column":23}},"207":{"start":{"line":208,"column":0},"end":{"line":208,"column":20}},"208":{"start":{"line":209,"column":0},"end":{"line":209,"column":85}},"209":{"start":{"line":210,"column":0},"end":{"line":210,"column":37}},"210":{"start":{"line":211,"column":0},"end":{"line":211,"column":7}},"211":{"start":{"line":212,"column":0},"end":{"line":212,"column":3}},"212":{"start":{"line":213,"column":0},"end":{"line":213,"column":2}},"213":{"start":{"line":214,"column":0},"end":{"line":214,"column":18}},"214":{"start":{"line":215,"column":0},"end":{"line":215,"column":1}},"215":{"start":{"line":216,"column":0},"end":{"line":216,"column":0}},"216":{"start":{"line":217,"column":0},"end":{"line":217,"column":93}},"217":{"start":{"line":218,"column":0},"end":{"line":218,"column":47}},"218":{"start":{"line":219,"column":0},"end":{"line":219,"column":31}},"219":{"start":{"line":220,"column":0},"end":{"line":220,"column":2}},"220":{"start":{"line":221,"column":0},"end":{"line":221,"column":46}},"221":{"start":{"line":222,"column":0},"end":{"line":222,"column":39}},"222":{"start":{"line":223,"column":0},"end":{"line":223,"column":33}},"223":{"start":{"line":224,"column":0},"end":{"line":224,"column":2}},"224":{"start":{"line":225,"column":0},"end":{"line":225,"column":107}},"225":{"start":{"line":226,"column":0},"end":{"line":226,"column":110}},"226":{"start":{"line":227,"column":0},"end":{"line":227,"column":39}},"227":{"start":{"line":228,"column":0},"end":{"line":228,"column":2}},"228":{"start":{"line":229,"column":0},"end":{"line":229,"column":77}},"229":{"start":{"line":230,"column":0},"end":{"line":230,"column":32}},"230":{"start":{"line":231,"column":0},"end":{"line":231,"column":2}},"231":{"start":{"line":232,"column":0},"end":{"line":232,"column":14}},"232":{"start":{"line":233,"column":0},"end":{"line":233,"column":1}},"233":{"start":{"line":234,"column":0},"end":{"line":234,"column":0}},"234":{"start":{"line":235,"column":0},"end":{"line":235,"column":86}},"235":{"start":{"line":236,"column":0},"end":{"line":236,"column":39}},"236":{"start":{"line":237,"column":0},"end":{"line":237,"column":36}},"237":{"start":{"line":238,"column":0},"end":{"line":238,"column":29}},"238":{"start":{"line":239,"column":0},"end":{"line":239,"column":18}},"239":{"start":{"line":240,"column":0},"end":{"line":240,"column":32}},"240":{"start":{"line":241,"column":0},"end":{"line":241,"column":55}},"241":{"start":{"line":242,"column":0},"end":{"line":242,"column":14}},"242":{"start":{"line":243,"column":0},"end":{"line":243,"column":1}},"243":{"start":{"line":244,"column":0},"end":{"line":244,"column":0}},"244":{"start":{"line":245,"column":0},"end":{"line":245,"column":215}},"245":{"start":{"line":246,"column":0},"end":{"line":246,"column":40}},"246":{"start":{"line":247,"column":0},"end":{"line":247,"column":46}},"247":{"start":{"line":248,"column":0},"end":{"line":248,"column":56}},"248":{"start":{"line":249,"column":0},"end":{"line":249,"column":23}},"249":{"start":{"line":250,"column":0},"end":{"line":250,"column":32}},"250":{"start":{"line":251,"column":0},"end":{"line":251,"column":43}},"251":{"start":{"line":252,"column":0},"end":{"line":252,"column":45}},"252":{"start":{"line":253,"column":0},"end":{"line":253,"column":43}},"253":{"start":{"line":254,"column":0},"end":{"line":254,"column":2}},"254":{"start":{"line":255,"column":0},"end":{"line":255,"column":65}},"255":{"start":{"line":256,"column":0},"end":{"line":256,"column":90}},"256":{"start":{"line":257,"column":0},"end":{"line":257,"column":82}},"257":{"start":{"line":258,"column":0},"end":{"line":258,"column":37}},"258":{"start":{"line":259,"column":0},"end":{"line":259,"column":2}},"259":{"start":{"line":260,"column":0},"end":{"line":260,"column":61}},"260":{"start":{"line":261,"column":0},"end":{"line":261,"column":59}},"261":{"start":{"line":262,"column":0},"end":{"line":262,"column":30}},"262":{"start":{"line":263,"column":0},"end":{"line":263,"column":19}},"263":{"start":{"line":264,"column":0},"end":{"line":264,"column":1}},"264":{"start":{"line":265,"column":0},"end":{"line":265,"column":0}},"265":{"start":{"line":266,"column":0},"end":{"line":266,"column":298}},"266":{"start":{"line":267,"column":0},"end":{"line":267,"column":31}},"267":{"start":{"line":268,"column":0},"end":{"line":268,"column":31}},"268":{"start":{"line":269,"column":0},"end":{"line":269,"column":57}},"269":{"start":{"line":270,"column":0},"end":{"line":270,"column":2}},"270":{"start":{"line":271,"column":0},"end":{"line":271,"column":39}},"271":{"start":{"line":272,"column":0},"end":{"line":272,"column":35}},"272":{"start":{"line":273,"column":0},"end":{"line":273,"column":48}},"273":{"start":{"line":274,"column":0},"end":{"line":274,"column":71}},"274":{"start":{"line":275,"column":0},"end":{"line":275,"column":78}},"275":{"start":{"line":276,"column":0},"end":{"line":276,"column":31}},"276":{"start":{"line":277,"column":0},"end":{"line":277,"column":40}},"277":{"start":{"line":278,"column":0},"end":{"line":278,"column":44}},"278":{"start":{"line":279,"column":0},"end":{"line":279,"column":44}},"279":{"start":{"line":280,"column":0},"end":{"line":280,"column":6}},"280":{"start":{"line":281,"column":0},"end":{"line":281,"column":69}},"281":{"start":{"line":282,"column":0},"end":{"line":282,"column":108}},"282":{"start":{"line":283,"column":0},"end":{"line":283,"column":82}},"283":{"start":{"line":284,"column":0},"end":{"line":284,"column":45}},"284":{"start":{"line":285,"column":0},"end":{"line":285,"column":6}},"285":{"start":{"line":286,"column":0},"end":{"line":286,"column":71}},"286":{"start":{"line":287,"column":0},"end":{"line":287,"column":71}},"287":{"start":{"line":288,"column":0},"end":{"line":288,"column":69}},"288":{"start":{"line":289,"column":0},"end":{"line":289,"column":56}},"289":{"start":{"line":290,"column":0},"end":{"line":290,"column":46}},"290":{"start":{"line":291,"column":0},"end":{"line":291,"column":5}},"291":{"start":{"line":292,"column":0},"end":{"line":292,"column":46}},"292":{"start":{"line":293,"column":0},"end":{"line":293,"column":20}},"293":{"start":{"line":294,"column":0},"end":{"line":294,"column":43}},"294":{"start":{"line":295,"column":0},"end":{"line":295,"column":43}},"295":{"start":{"line":296,"column":0},"end":{"line":296,"column":40}},"296":{"start":{"line":297,"column":0},"end":{"line":297,"column":5}},"297":{"start":{"line":298,"column":0},"end":{"line":298,"column":30}},"298":{"start":{"line":299,"column":0},"end":{"line":299,"column":47}},"299":{"start":{"line":300,"column":0},"end":{"line":300,"column":49}},"300":{"start":{"line":301,"column":0},"end":{"line":301,"column":160}},"301":{"start":{"line":302,"column":0},"end":{"line":302,"column":10}},"302":{"start":{"line":303,"column":0},"end":{"line":303,"column":27}},"303":{"start":{"line":304,"column":0},"end":{"line":304,"column":3}},"304":{"start":{"line":305,"column":0},"end":{"line":305,"column":1}},"305":{"start":{"line":306,"column":0},"end":{"line":306,"column":0}},"306":{"start":{"line":307,"column":0},"end":{"line":307,"column":68}},"307":{"start":{"line":308,"column":0},"end":{"line":308,"column":37}},"308":{"start":{"line":309,"column":0},"end":{"line":309,"column":52}},"309":{"start":{"line":310,"column":0},"end":{"line":310,"column":2}},"310":{"start":{"line":311,"column":0},"end":{"line":311,"column":24}},"311":{"start":{"line":312,"column":0},"end":{"line":312,"column":9}},"312":{"start":{"line":313,"column":0},"end":{"line":313,"column":59}},"313":{"start":{"line":314,"column":0},"end":{"line":314,"column":17}},"314":{"start":{"line":315,"column":0},"end":{"line":315,"column":54}},"315":{"start":{"line":316,"column":0},"end":{"line":316,"column":5}},"316":{"start":{"line":317,"column":0},"end":{"line":317,"column":3}},"317":{"start":{"line":318,"column":0},"end":{"line":318,"column":2}},"318":{"start":{"line":319,"column":0},"end":{"line":319,"column":74}},"319":{"start":{"line":320,"column":0},"end":{"line":320,"column":72}},"320":{"start":{"line":321,"column":0},"end":{"line":321,"column":69}},"321":{"start":{"line":322,"column":0},"end":{"line":322,"column":80}},"322":{"start":{"line":323,"column":0},"end":{"line":323,"column":1}}},"s":{"0":1,"1":1,"2":1,"3":1,"4":1,"5":1,"6":1,"7":1,"8":1,"9":1,"10":1,"11":1,"12":1,"13":1,"14":1,"15":1,"16":1,"17":15,"18":15,"19":15,"20":15,"21":15,"22":15,"23":15,"24":15,"25":15,"26":15,"27":90,"28":90,"29":90,"30":15,"31":15,"32":1,"33":1,"34":13,"35":15,"36":15,"37":15,"38":13,"39":13,"40":13,"41":0,"42":0,"43":0,"44":0,"45":0,"46":0,"47":0,"48":0,"49":0,"50":1,"51":1,"52":13,"53":13,"54":13,"55":13,"56":15,"57":4,"58":4,"59":13,"60":13,"61":4,"62":0,"63":0,"64":0,"65":0,"66":0,"67":0,"68":4,"69":13,"70":1,"71":1,"72":5,"73":5,"74":4,"75":4,"76":4,"77":4,"78":4,"79":4,"80":4,"81":1,"82":1,"83":13,"84":13,"85":13,"86":5,"87":5,"88":5,"89":0,"90":0,"91":1,"92":1,"93":13,"94":13,"95":4,"96":3,"97":4,"98":3,"99":4,"100":1,"101":1,"102":1,"103":1,"104":1,"105":4,"106":13,"107":1,"108":1,"109":15,"110":15,"111":1,"112":1,"113":1,"114":1,"115":15,"116":1,"117":1,"118":1,"119":13,"120":13,"121":13,"122":13,"123":13,"124":13,"125":13,"126":13,"127":13,"128":13,"129":13,"130":13,"131":13,"132":13,"133":13,"134":13,"135":15,"136":15,"137":15,"138":15,"139":15,"140":15,"141":15,"142":15,"143":15,"144":15,"145":3,"146":3,"147":3,"148":3,"149":3,"150":3,"151":3,"152":3,"153":3,"154":3,"155":3,"156":15,"157":2,"158":2,"159":12,"160":4,"161":4,"162":10,"163":6,"164":6,"165":6,"166":15,"167":15,"168":15,"169":15,"170":15,"171":15,"172":15,"173":15,"174":15,"175":15,"176":15,"177":1,"178":1,"179":15,"180":15,"181":15,"182":15,"183":13,"184":1,"185":2,"186":2,"187":2,"188":2,"189":2,"190":2,"191":2,"192":2,"193":2,"194":1,"195":1,"196":1,"197":1,"198":1,"199":1,"200":2,"201":2,"202":2,"203":2,"204":2,"205":0,"206":0,"207":0,"208":0,"209":0,"210":0,"211":0,"212":2,"213":2,"214":2,"215":1,"216":4,"217":4,"218":4,"219":4,"220":4,"221":4,"222":4,"223":4,"224":4,"225":4,"226":4,"227":4,"228":4,"229":4,"230":4,"231":4,"232":4,"233":1,"234":6,"235":6,"236":6,"237":6,"238":6,"239":6,"240":6,"241":6,"242":6,"243":1,"244":1,"245":1,"246":1,"247":1,"248":1,"249":1,"250":1,"251":1,"252":1,"253":1,"254":1,"255":1,"256":1,"257":1,"258":1,"259":1,"260":1,"261":1,"262":1,"263":1,"264":1,"265":15,"266":15,"267":15,"268":15,"269":15,"270":15,"271":2,"272":2,"273":2,"274":2,"275":2,"276":2,"277":2,"278":2,"279":2,"280":2,"281":2,"282":2,"283":2,"284":2,"285":2,"286":2,"287":2,"288":2,"289":2,"290":2,"291":2,"292":2,"293":2,"294":2,"295":2,"296":2,"297":15,"298":13,"299":13,"300":13,"301":13,"302":0,"303":0,"304":15,"305":1,"306":15,"307":15,"308":15,"309":15,"310":15,"311":0,"312":0,"313":0,"314":0,"315":0,"316":0,"317":15,"318":15,"319":15,"320":15,"321":15,"322":15},"branchMap":{"0":{"type":"branch","line":17,"loc":{"start":{"line":17,"column":26},"end":{"line":32,"column":2}},"locations":[{"start":{"line":17,"column":26},"end":{"line":32,"column":2}}]},"1":{"type":"branch","line":24,"loc":{"start":{"line":24,"column":11},"end":{"line":24,"column":64}},"locations":[{"start":{"line":24,"column":11},"end":{"line":24,"column":64}}]},"2":{"type":"branch","line":25,"loc":{"start":{"line":25,"column":11},"end":{"line":25,"column":66}},"locations":[{"start":{"line":25,"column":11},"end":{"line":25,"column":66}}]},"3":{"type":"branch","line":27,"loc":{"start":{"line":27,"column":38},"end":{"line":30,"column":3}},"locations":[{"start":{"line":27,"column":38},"end":{"line":30,"column":3}}]},"4":{"type":"branch","line":28,"loc":{"start":{"line":28,"column":39},"end":{"line":28,"column":81}},"locations":[{"start":{"line":28,"column":39},"end":{"line":28,"column":81}}]},"5":{"type":"branch","line":28,"loc":{"start":{"line":28,"column":76},"end":{"line":28,"column":93}},"locations":[{"start":{"line":28,"column":76},"end":{"line":28,"column":93}}]},"6":{"type":"branch","line":29,"loc":{"start":{"line":29,"column":23},"end":{"line":29,"column":35}},"locations":[{"start":{"line":29,"column":23},"end":{"line":29,"column":35}}]},"7":{"type":"branch","line":34,"loc":{"start":{"line":34,"column":28},"end":{"line":50,"column":2}},"locations":[{"start":{"line":34,"column":28},"end":{"line":50,"column":2}}]},"8":{"type":"branch","line":41,"loc":{"start":{"line":41,"column":63},"end":{"line":50,"column":2}},"locations":[{"start":{"line":41,"column":63},"end":{"line":50,"column":2}}]},"9":{"type":"branch","line":35,"loc":{"start":{"line":35,"column":28},"end":{"line":39,"column":4}},"locations":[{"start":{"line":35,"column":28},"end":{"line":39,"column":4}}]},"10":{"type":"branch","line":40,"loc":{"start":{"line":40,"column":30},"end":{"line":40,"column":64}},"locations":[{"start":{"line":40,"column":30},"end":{"line":40,"column":64}}]},"11":{"type":"branch","line":52,"loc":{"start":{"line":52,"column":27},"end":{"line":70,"column":2}},"locations":[{"start":{"line":52,"column":27},"end":{"line":70,"column":2}}]},"12":{"type":"branch","line":61,"loc":{"start":{"line":61,"column":47},"end":{"line":69,"column":3}},"locations":[{"start":{"line":61,"column":47},"end":{"line":69,"column":3}}]},"13":{"type":"branch","line":62,"loc":{"start":{"line":62,"column":53},"end":{"line":68,"column":5}},"locations":[{"start":{"line":62,"column":53},"end":{"line":68,"column":5}}]},"14":{"type":"branch","line":54,"loc":{"start":{"line":54,"column":9},"end":{"line":54,"column":76}},"locations":[{"start":{"line":54,"column":9},"end":{"line":54,"column":76}}]},"15":{"type":"branch","line":56,"loc":{"start":{"line":56,"column":6},"end":{"line":59,"column":26}},"locations":[{"start":{"line":56,"column":6},"end":{"line":59,"column":26}}]},"16":{"type":"branch","line":57,"loc":{"start":{"line":57,"column":46},"end":{"line":58,"column":31}},"locations":[{"start":{"line":57,"column":46},"end":{"line":58,"column":31}}]},"17":{"type":"branch","line":58,"loc":{"start":{"line":58,"column":27},"end":{"line":59,"column":26}},"locations":[{"start":{"line":58,"column":27},"end":{"line":59,"column":26}}]},"18":{"type":"branch","line":72,"loc":{"start":{"line":72,"column":27},"end":{"line":81,"column":2}},"locations":[{"start":{"line":72,"column":27},"end":{"line":81,"column":2}}]},"19":{"type":"branch","line":74,"loc":{"start":{"line":74,"column":14},"end":{"line":74,"column":26}},"locations":[{"start":{"line":74,"column":14},"end":{"line":74,"column":26}}]},"20":{"type":"branch","line":74,"loc":{"start":{"line":74,"column":21},"end":{"line":81,"column":2}},"locations":[{"start":{"line":74,"column":21},"end":{"line":81,"column":2}}]},"21":{"type":"branch","line":83,"loc":{"start":{"line":83,"column":23},"end":{"line":91,"column":2}},"locations":[{"start":{"line":83,"column":23},"end":{"line":91,"column":2}}]},"22":{"type":"branch","line":84,"loc":{"start":{"line":84,"column":37},"end":{"line":84,"column":74}},"locations":[{"start":{"line":84,"column":37},"end":{"line":84,"column":74}}]},"23":{"type":"branch","line":85,"loc":{"start":{"line":85,"column":7},"end":{"line":85,"column":53}},"locations":[{"start":{"line":85,"column":7},"end":{"line":85,"column":53}}]},"24":{"type":"branch","line":85,"loc":{"start":{"line":85,"column":48},"end":{"line":85,"column":79}},"locations":[{"start":{"line":85,"column":48},"end":{"line":85,"column":79}}]},"25":{"type":"branch","line":85,"loc":{"start":{"line":85,"column":79},"end":{"line":85,"column":91}},"locations":[{"start":{"line":85,"column":79},"end":{"line":85,"column":91}}]},"26":{"type":"branch","line":85,"loc":{"start":{"line":85,"column":86},"end":{"line":86,"column":40}},"locations":[{"start":{"line":85,"column":86},"end":{"line":86,"column":40}}]},"27":{"type":"branch","line":86,"loc":{"start":{"line":86,"column":40},"end":{"line":89,"column":3}},"locations":[{"start":{"line":86,"column":40},"end":{"line":89,"column":3}}]},"28":{"type":"branch","line":88,"loc":{"start":{"line":88,"column":15},"end":{"line":88,"column":28}},"locations":[{"start":{"line":88,"column":15},"end":{"line":88,"column":28}}]},"29":{"type":"branch","line":89,"loc":{"start":{"line":89,"column":2},"end":{"line":91,"column":2}},"locations":[{"start":{"line":89,"column":2},"end":{"line":91,"column":2}}]},"30":{"type":"branch","line":93,"loc":{"start":{"line":93,"column":25},"end":{"line":107,"column":2}},"locations":[{"start":{"line":93,"column":25},"end":{"line":107,"column":2}}]},"31":{"type":"branch","line":95,"loc":{"start":{"line":95,"column":15},"end":{"line":106,"column":5}},"locations":[{"start":{"line":95,"column":15},"end":{"line":106,"column":5}}]},"32":{"type":"branch","line":96,"loc":{"start":{"line":96,"column":36},"end":{"line":97,"column":51}},"locations":[{"start":{"line":96,"column":36},"end":{"line":97,"column":51}}]},"33":{"type":"branch","line":97,"loc":{"start":{"line":97,"column":36},"end":{"line":98,"column":48}},"locations":[{"start":{"line":97,"column":36},"end":{"line":98,"column":48}}]},"34":{"type":"branch","line":98,"loc":{"start":{"line":98,"column":48},"end":{"line":100,"column":15}},"locations":[{"start":{"line":98,"column":48},"end":{"line":100,"column":15}}]},"35":{"type":"branch","line":100,"loc":{"start":{"line":100,"column":8},"end":{"line":105,"column":9}},"locations":[{"start":{"line":100,"column":8},"end":{"line":105,"column":9}}]},"36":{"type":"branch","line":109,"loc":{"start":{"line":109,"column":22},"end":{"line":118,"column":2}},"locations":[{"start":{"line":109,"column":22},"end":{"line":118,"column":2}}]},"37":{"type":"branch","line":111,"loc":{"start":{"line":111,"column":7},"end":{"line":111,"column":30}},"locations":[{"start":{"line":111,"column":7},"end":{"line":111,"column":30}}]},"38":{"type":"branch","line":111,"loc":{"start":{"line":111,"column":30},"end":{"line":111,"column":42}},"locations":[{"start":{"line":111,"column":30},"end":{"line":111,"column":42}}]},"39":{"type":"branch","line":111,"loc":{"start":{"line":111,"column":37},"end":{"line":116,"column":33}},"locations":[{"start":{"line":111,"column":37},"end":{"line":116,"column":33}}]},"40":{"type":"branch","line":116,"loc":{"start":{"line":116,"column":33},"end":{"line":116,"column":45}},"locations":[{"start":{"line":116,"column":33},"end":{"line":116,"column":45}}]},"41":{"type":"branch","line":116,"loc":{"start":{"line":116,"column":40},"end":{"line":118,"column":2}},"locations":[{"start":{"line":116,"column":40},"end":{"line":118,"column":2}}]},"42":{"type":"branch","line":120,"loc":{"start":{"line":120,"column":0},"end":{"line":184,"column":1}},"locations":[{"start":{"line":120,"column":0},"end":{"line":184,"column":1}}]},"43":{"type":"branch","line":132,"loc":{"start":{"line":132,"column":15},"end":{"line":132,"column":61}},"locations":[{"start":{"line":132,"column":15},"end":{"line":132,"column":61}}]},"44":{"type":"branch","line":135,"loc":{"start":{"line":135,"column":37},"end":{"line":183,"column":3}},"locations":[{"start":{"line":135,"column":37},"end":{"line":183,"column":3}}]},"45":{"type":"branch","line":136,"loc":{"start":{"line":136,"column":22},"end":{"line":136,"column":31}},"locations":[{"start":{"line":136,"column":22},"end":{"line":136,"column":31}}]},"46":{"type":"branch","line":137,"loc":{"start":{"line":137,"column":35},"end":{"line":137,"column":44}},"locations":[{"start":{"line":137,"column":35},"end":{"line":137,"column":44}}]},"47":{"type":"branch","line":141,"loc":{"start":{"line":141,"column":34},"end":{"line":141,"column":50}},"locations":[{"start":{"line":141,"column":34},"end":{"line":141,"column":50}}]},"48":{"type":"branch","line":145,"loc":{"start":{"line":145,"column":14},"end":{"line":145,"column":32}},"locations":[{"start":{"line":145,"column":14},"end":{"line":145,"column":32}}]},"49":{"type":"branch","line":145,"loc":{"start":{"line":145,"column":32},"end":{"line":157,"column":15}},"locations":[{"start":{"line":145,"column":32},"end":{"line":157,"column":15}}]},"50":{"type":"branch","line":147,"loc":{"start":{"line":147,"column":25},"end":{"line":147,"column":38}},"locations":[{"start":{"line":147,"column":25},"end":{"line":147,"column":38}}]},"51":{"type":"branch","line":148,"loc":{"start":{"line":148,"column":25},"end":{"line":148,"column":72}},"locations":[{"start":{"line":148,"column":25},"end":{"line":148,"column":72}}]},"52":{"type":"branch","line":149,"loc":{"start":{"line":149,"column":26},"end":{"line":149,"column":74}},"locations":[{"start":{"line":149,"column":26},"end":{"line":149,"column":74}}]},"53":{"type":"branch","line":150,"loc":{"start":{"line":150,"column":19},"end":{"line":150,"column":38}},"locations":[{"start":{"line":150,"column":19},"end":{"line":150,"column":38}}]},"54":{"type":"branch","line":150,"loc":{"start":{"line":150,"column":38},"end":{"line":150,"column":56}},"locations":[{"start":{"line":150,"column":38},"end":{"line":150,"column":56}}]},"55":{"type":"branch","line":157,"loc":{"start":{"line":157,"column":4},"end":{"line":166,"column":5}},"locations":[{"start":{"line":157,"column":4},"end":{"line":166,"column":5}}]},"56":{"type":"branch","line":157,"loc":{"start":{"line":157,"column":27},"end":{"line":160,"column":16}},"locations":[{"start":{"line":157,"column":27},"end":{"line":160,"column":16}}]},"57":{"type":"branch","line":160,"loc":{"start":{"line":160,"column":4},"end":{"line":166,"column":5}},"locations":[{"start":{"line":160,"column":4},"end":{"line":166,"column":5}}]},"58":{"type":"branch","line":160,"loc":{"start":{"line":160,"column":42},"end":{"line":163,"column":15}},"locations":[{"start":{"line":160,"column":42},"end":{"line":163,"column":15}}]},"59":{"type":"branch","line":163,"loc":{"start":{"line":163,"column":4},"end":{"line":166,"column":5}},"locations":[{"start":{"line":163,"column":4},"end":{"line":166,"column":5}}]},"60":{"type":"branch","line":168,"loc":{"start":{"line":168,"column":15},"end":{"line":168,"column":24}},"locations":[{"start":{"line":168,"column":15},"end":{"line":168,"column":24}}]},"61":{"type":"branch","line":177,"loc":{"start":{"line":177,"column":20},"end":{"line":179,"column":5}},"locations":[{"start":{"line":177,"column":20},"end":{"line":179,"column":5}}]},"62":{"type":"branch","line":181,"loc":{"start":{"line":181,"column":61},"end":{"line":181,"column":95}},"locations":[{"start":{"line":181,"column":61},"end":{"line":181,"column":95}}]},"63":{"type":"branch","line":186,"loc":{"start":{"line":186,"column":0},"end":{"line":215,"column":1}},"locations":[{"start":{"line":186,"column":0},"end":{"line":215,"column":1}}]},"64":{"type":"branch","line":188,"loc":{"start":{"line":188,"column":24},"end":{"line":188,"column":37}},"locations":[{"start":{"line":188,"column":24},"end":{"line":188,"column":37}}]},"65":{"type":"branch","line":190,"loc":{"start":{"line":190,"column":45},"end":{"line":190,"column":61}},"locations":[{"start":{"line":190,"column":45},"end":{"line":190,"column":61}}]},"66":{"type":"branch","line":191,"loc":{"start":{"line":191,"column":44},"end":{"line":191,"column":63}},"locations":[{"start":{"line":191,"column":44},"end":{"line":191,"column":63}}]},"67":{"type":"branch","line":194,"loc":{"start":{"line":194,"column":70},"end":{"line":200,"column":3}},"locations":[{"start":{"line":194,"column":70},"end":{"line":200,"column":3}}]},"68":{"type":"branch","line":202,"loc":{"start":{"line":202,"column":35},"end":{"line":202,"column":46}},"locations":[{"start":{"line":202,"column":35},"end":{"line":202,"column":46}}]},"69":{"type":"branch","line":205,"loc":{"start":{"line":205,"column":35},"end":{"line":212,"column":3}},"locations":[{"start":{"line":205,"column":35},"end":{"line":212,"column":3}}]},"70":{"type":"branch","line":217,"loc":{"start":{"line":217,"column":0},"end":{"line":233,"column":1}},"locations":[{"start":{"line":217,"column":0},"end":{"line":233,"column":1}}]},"71":{"type":"branch","line":219,"loc":{"start":{"line":219,"column":19},"end":{"line":219,"column":31}},"locations":[{"start":{"line":219,"column":19},"end":{"line":219,"column":31}}]},"72":{"type":"branch","line":223,"loc":{"start":{"line":223,"column":20},"end":{"line":223,"column":33}},"locations":[{"start":{"line":223,"column":20},"end":{"line":223,"column":33}}]},"73":{"type":"branch","line":225,"loc":{"start":{"line":225,"column":21},"end":{"line":225,"column":72}},"locations":[{"start":{"line":225,"column":21},"end":{"line":225,"column":72}}]},"74":{"type":"branch","line":225,"loc":{"start":{"line":225,"column":66},"end":{"line":225,"column":103}},"locations":[{"start":{"line":225,"column":66},"end":{"line":225,"column":103}}]},"75":{"type":"branch","line":225,"loc":{"start":{"line":225,"column":86},"end":{"line":225,"column":107}},"locations":[{"start":{"line":225,"column":86},"end":{"line":225,"column":107}}]},"76":{"type":"branch","line":226,"loc":{"start":{"line":226,"column":22},"end":{"line":226,"column":74}},"locations":[{"start":{"line":226,"column":22},"end":{"line":226,"column":74}}]},"77":{"type":"branch","line":226,"loc":{"start":{"line":226,"column":68},"end":{"line":226,"column":106}},"locations":[{"start":{"line":226,"column":68},"end":{"line":226,"column":106}}]},"78":{"type":"branch","line":226,"loc":{"start":{"line":226,"column":88},"end":{"line":226,"column":110}},"locations":[{"start":{"line":226,"column":88},"end":{"line":226,"column":110}}]},"79":{"type":"branch","line":235,"loc":{"start":{"line":235,"column":0},"end":{"line":243,"column":1}},"locations":[{"start":{"line":235,"column":0},"end":{"line":243,"column":1}}]},"80":{"type":"branch","line":237,"loc":{"start":{"line":237,"column":20},"end":{"line":237,"column":36}},"locations":[{"start":{"line":237,"column":20},"end":{"line":237,"column":36}}]},"81":{"type":"branch","line":241,"loc":{"start":{"line":241,"column":35},"end":{"line":241,"column":55}},"locations":[{"start":{"line":241,"column":35},"end":{"line":241,"column":55}}]},"82":{"type":"branch","line":245,"loc":{"start":{"line":245,"column":0},"end":{"line":264,"column":1}},"locations":[{"start":{"line":245,"column":0},"end":{"line":264,"column":1}}]},"83":{"type":"branch","line":247,"loc":{"start":{"line":247,"column":28},"end":{"line":247,"column":40}},"locations":[{"start":{"line":247,"column":28},"end":{"line":247,"column":40}}]},"84":{"type":"branch","line":256,"loc":{"start":{"line":256,"column":83},"end":{"line":256,"column":90}},"locations":[{"start":{"line":256,"column":83},"end":{"line":256,"column":90}}]},"85":{"type":"branch","line":257,"loc":{"start":{"line":257,"column":27},"end":{"line":257,"column":82}},"locations":[{"start":{"line":257,"column":27},"end":{"line":257,"column":82}}]},"86":{"type":"branch","line":266,"loc":{"start":{"line":266,"column":0},"end":{"line":305,"column":1}},"locations":[{"start":{"line":266,"column":0},"end":{"line":305,"column":1}}]},"87":{"type":"branch","line":271,"loc":{"start":{"line":271,"column":6},"end":{"line":271,"column":38}},"locations":[{"start":{"line":271,"column":6},"end":{"line":271,"column":38}}]},"88":{"type":"branch","line":271,"loc":{"start":{"line":271,"column":38},"end":{"line":298,"column":13}},"locations":[{"start":{"line":271,"column":38},"end":{"line":298,"column":13}}]},"89":{"type":"branch","line":274,"loc":{"start":{"line":274,"column":53},"end":{"line":274,"column":65}},"locations":[{"start":{"line":274,"column":53},"end":{"line":274,"column":65}}]},"90":{"type":"branch","line":282,"loc":{"start":{"line":282,"column":101},"end":{"line":282,"column":108}},"locations":[{"start":{"line":282,"column":101},"end":{"line":282,"column":108}}]},"91":{"type":"branch","line":283,"loc":{"start":{"line":283,"column":27},"end":{"line":283,"column":82}},"locations":[{"start":{"line":283,"column":27},"end":{"line":283,"column":82}}]},"92":{"type":"branch","line":298,"loc":{"start":{"line":298,"column":2},"end":{"line":304,"column":3}},"locations":[{"start":{"line":298,"column":2},"end":{"line":304,"column":3}}]},"93":{"type":"branch","line":301,"loc":{"start":{"line":301,"column":33},"end":{"line":301,"column":55}},"locations":[{"start":{"line":301,"column":33},"end":{"line":301,"column":55}}]},"94":{"type":"branch","line":301,"loc":{"start":{"line":301,"column":51},"end":{"line":301,"column":154}},"locations":[{"start":{"line":301,"column":51},"end":{"line":301,"column":154}}]},"95":{"type":"branch","line":301,"loc":{"start":{"line":301,"column":150},"end":{"line":301,"column":158}},"locations":[{"start":{"line":301,"column":150},"end":{"line":301,"column":158}}]},"96":{"type":"branch","line":302,"loc":{"start":{"line":302,"column":2},"end":{"line":304,"column":3}},"locations":[{"start":{"line":302,"column":2},"end":{"line":304,"column":3}}]},"97":{"type":"branch","line":307,"loc":{"start":{"line":307,"column":0},"end":{"line":323,"column":1}},"locations":[{"start":{"line":307,"column":0},"end":{"line":323,"column":1}}]},"98":{"type":"branch","line":311,"loc":{"start":{"line":311,"column":23},"end":{"line":317,"column":3}},"locations":[{"start":{"line":311,"column":23},"end":{"line":317,"column":3}}]},"99":{"type":"branch","line":322,"loc":{"start":{"line":322,"column":68},"end":{"line":322,"column":78}},"locations":[{"start":{"line":322,"column":68},"end":{"line":322,"column":78}}]}},"b":{"0":[15],"1":[0],"2":[0],"3":[90],"4":[0],"5":[0],"6":[0],"7":[13],"8":[0],"9":[15],"10":[15],"11":[13],"12":[4],"13":[0],"14":[15],"15":[15],"16":[4],"17":[4],"18":[5],"19":[1],"20":[4],"21":[13],"22":[4],"23":[4],"24":[4],"25":[9],"26":[4],"27":[5],"28":[4],"29":[0],"30":[13],"31":[4],"32":[3],"33":[3],"34":[3],"35":[1],"36":[15],"37":[1],"38":[14],"39":[1],"40":[0],"41":[1],"42":[13],"43":[0],"44":[15],"45":[0],"46":[0],"47":[13],"48":[3],"49":[3],"50":[0],"51":[0],"52":[0],"53":[0],"54":[0],"55":[12],"56":[2],"57":[10],"58":[4],"59":[6],"60":[0],"61":[1],"62":[13],"63":[2],"64":[0],"65":[0],"66":[0],"67":[1],"68":[0],"69":[0],"70":[4],"71":[0],"72":[0],"73":[0],"74":[0],"75":[0],"76":[0],"77":[0],"78":[0],"79":[6],"80":[0],"81":[0],"82":[1],"83":[0],"84":[0],"85":[0],"86":[15],"87":[2],"88":[2],"89":[0],"90":[0],"91":[0],"92":[13],"93":[11],"94":[11],"95":[2],"96":[0],"97":[15],"98":[0],"99":[0]},"fnMap":{"0":{"name":"getLayerStackRank","decl":{"start":{"line":17,"column":26},"end":{"line":32,"column":2}},"loc":{"start":{"line":17,"column":26},"end":{"line":32,"column":2}},"line":17},"1":{"name":"normalizeLayerOrder","decl":{"start":{"line":34,"column":28},"end":{"line":50,"column":2}},"loc":{"start":{"line":34,"column":28},"end":{"line":50,"column":2}},"line":34},"2":{"name":"auditImageStacking","decl":{"start":{"line":52,"column":27},"end":{"line":70,"column":2}},"loc":{"start":{"line":52,"column":27},"end":{"line":70,"column":2}},"line":52},"3":{"name":"extractCornerRadii","decl":{"start":{"line":72,"column":27},"end":{"line":81,"column":2}},"loc":{"start":{"line":72,"column":27},"end":{"line":81,"column":2}},"line":72},"4":{"name":"getCornerRadii","decl":{"start":{"line":83,"column":23},"end":{"line":91,"column":2}},"loc":{"start":{"line":83,"column":23},"end":{"line":91,"column":2}},"line":83},"5":{"name":"applyCornerRadii","decl":{"start":{"line":93,"column":25},"end":{"line":107,"column":2}},"loc":{"start":{"line":93,"column":25},"end":{"line":107,"column":2}},"line":93},"6":{"name":"getMaskBounds","decl":{"start":{"line":109,"column":22},"end":{"line":118,"column":2}},"loc":{"start":{"line":109,"column":22},"end":{"line":118,"column":2}},"line":109},"7":{"name":"createLayers","decl":{"start":{"line":120,"column":0},"end":{"line":184,"column":1}},"loc":{"start":{"line":120,"column":0},"end":{"line":184,"column":1}},"line":120},"8":{"name":"createTextNode","decl":{"start":{"line":186,"column":0},"end":{"line":215,"column":1}},"loc":{"start":{"line":186,"column":0},"end":{"line":215,"column":1}},"line":186},"9":{"name":"createImageNode","decl":{"start":{"line":217,"column":0},"end":{"line":233,"column":1}},"loc":{"start":{"line":217,"column":0},"end":{"line":233,"column":1}},"line":217},"10":{"name":"createShapeNode","decl":{"start":{"line":235,"column":0},"end":{"line":243,"column":1}},"loc":{"start":{"line":235,"column":0},"end":{"line":243,"column":1}},"line":235},"11":{"name":"createMaskFrame","decl":{"start":{"line":245,"column":0},"end":{"line":264,"column":1}},"loc":{"start":{"line":245,"column":0},"end":{"line":264,"column":1}},"line":245},"12":{"name":"handleClipping","decl":{"start":{"line":266,"column":0},"end":{"line":305,"column":1}},"loc":{"start":{"line":266,"column":0},"end":{"line":305,"column":1}},"line":266},"13":{"name":"applyLayerProperties","decl":{"start":{"line":307,"column":0},"end":{"line":323,"column":1}},"loc":{"start":{"line":307,"column":0},"end":{"line":323,"column":1}},"line":307}},"f":{"0":15,"1":13,"2":13,"3":5,"4":13,"5":13,"6":15,"7":13,"8":2,"9":4,"10":6,"11":1,"12":15,"13":15}}
,"D:\\WebProject\\figmaTools\\src\\ui.tsx": {"path":"D:\\WebProject\\figmaTools\\src\\ui.tsx","all":true,"statementMap":{"0":{"start":{"line":1,"column":0},"end":{"line":1,"column":64}},"1":{"start":{"line":2,"column":0},"end":{"line":2,"column":46}},"2":{"start":{"line":3,"column":0},"end":{"line":3,"column":45}},"3":{"start":{"line":4,"column":0},"end":{"line":4,"column":0}},"4":{"start":{"line":5,"column":0},"end":{"line":5,"column":19}},"5":{"start":{"line":6,"column":0},"end":{"line":6,"column":48}},"6":{"start":{"line":7,"column":0},"end":{"line":7,"column":46}},"7":{"start":{"line":8,"column":0},"end":{"line":8,"column":58}},"8":{"start":{"line":9,"column":0},"end":{"line":9,"column":49}},"9":{"start":{"line":10,"column":0},"end":{"line":10,"column":0}},"10":{"start":{"line":11,"column":0},"end":{"line":11,"column":47}},"11":{"start":{"line":12,"column":0},"end":{"line":12,"column":21}},"12":{"start":{"line":13,"column":0},"end":{"line":13,"column":71}},"13":{"start":{"line":14,"column":0},"end":{"line":14,"column":9}},"14":{"start":{"line":15,"column":0},"end":{"line":15,"column":0}},"15":{"start":{"line":16,"column":0},"end":{"line":16,"column":19}},"16":{"start":{"line":17,"column":0},"end":{"line":17,"column":46}},"17":{"start":{"line":18,"column":0},"end":{"line":18,"column":48}},"18":{"start":{"line":19,"column":0},"end":{"line":19,"column":63}},"19":{"start":{"line":20,"column":0},"end":{"line":20,"column":30}},"20":{"start":{"line":21,"column":0},"end":{"line":21,"column":63}},"21":{"start":{"line":22,"column":0},"end":{"line":22,"column":6}},"22":{"start":{"line":23,"column":0},"end":{"line":23,"column":48}},"23":{"start":{"line":24,"column":0},"end":{"line":24,"column":18}},"24":{"start":{"line":25,"column":0},"end":{"line":25,"column":53}},"25":{"start":{"line":26,"column":0},"end":{"line":26,"column":6}},"26":{"start":{"line":27,"column":0},"end":{"line":27,"column":15}},"27":{"start":{"line":28,"column":0},"end":{"line":28,"column":0}},"28":{"start":{"line":29,"column":0},"end":{"line":29,"column":44}},"29":{"start":{"line":30,"column":0},"end":{"line":30,"column":58}},"30":{"start":{"line":31,"column":0},"end":{"line":31,"column":100}},"31":{"start":{"line":32,"column":0},"end":{"line":32,"column":86}},"32":{"start":{"line":33,"column":0},"end":{"line":33,"column":78}},"33":{"start":{"line":34,"column":0},"end":{"line":34,"column":4}},"34":{"start":{"line":35,"column":0},"end":{"line":35,"column":0}},"35":{"start":{"line":36,"column":0},"end":{"line":36,"column":89}},"36":{"start":{"line":37,"column":0},"end":{"line":37,"column":54}},"37":{"start":{"line":38,"column":0},"end":{"line":38,"column":57}},"38":{"start":{"line":39,"column":0},"end":{"line":39,"column":43}},"39":{"start":{"line":40,"column":0},"end":{"line":40,"column":29}},"40":{"start":{"line":41,"column":0},"end":{"line":41,"column":20}},"41":{"start":{"line":42,"column":0},"end":{"line":42,"column":31}},"42":{"start":{"line":43,"column":0},"end":{"line":43,"column":46}},"43":{"start":{"line":44,"column":0},"end":{"line":44,"column":30}},"44":{"start":{"line":45,"column":0},"end":{"line":45,"column":33}},"45":{"start":{"line":46,"column":0},"end":{"line":46,"column":26}},"46":{"start":{"line":47,"column":0},"end":{"line":47,"column":20}},"47":{"start":{"line":48,"column":0},"end":{"line":48,"column":19}},"48":{"start":{"line":49,"column":0},"end":{"line":49,"column":9}},"49":{"start":{"line":50,"column":0},"end":{"line":50,"column":51}},"50":{"start":{"line":51,"column":0},"end":{"line":51,"column":7}},"51":{"start":{"line":52,"column":0},"end":{"line":52,"column":21}},"52":{"start":{"line":53,"column":0},"end":{"line":53,"column":5}},"53":{"start":{"line":54,"column":0},"end":{"line":54,"column":49}},"54":{"start":{"line":55,"column":0},"end":{"line":55,"column":37}},"55":{"start":{"line":56,"column":0},"end":{"line":56,"column":32}},"56":{"start":{"line":57,"column":0},"end":{"line":57,"column":32}},"57":{"start":{"line":58,"column":0},"end":{"line":58,"column":18}},"58":{"start":{"line":59,"column":0},"end":{"line":59,"column":17}},"59":{"start":{"line":60,"column":0},"end":{"line":60,"column":7}},"60":{"start":{"line":61,"column":0},"end":{"line":61,"column":50}},"61":{"start":{"line":62,"column":0},"end":{"line":62,"column":5}},"62":{"start":{"line":63,"column":0},"end":{"line":63,"column":19}},"63":{"start":{"line":64,"column":0},"end":{"line":64,"column":4}},"64":{"start":{"line":65,"column":0},"end":{"line":65,"column":0}},"65":{"start":{"line":66,"column":0},"end":{"line":66,"column":46}},"66":{"start":{"line":67,"column":0},"end":{"line":67,"column":66}},"67":{"start":{"line":68,"column":0},"end":{"line":68,"column":17}},"68":{"start":{"line":69,"column":0},"end":{"line":69,"column":11}},"69":{"start":{"line":70,"column":0},"end":{"line":70,"column":21}},"70":{"start":{"line":71,"column":0},"end":{"line":71,"column":43}},"71":{"start":{"line":72,"column":0},"end":{"line":72,"column":45}},"72":{"start":{"line":73,"column":0},"end":{"line":73,"column":85}},"73":{"start":{"line":74,"column":0},"end":{"line":74,"column":8}},"74":{"start":{"line":75,"column":0},"end":{"line":75,"column":50}},"75":{"start":{"line":76,"column":0},"end":{"line":76,"column":102}},"76":{"start":{"line":77,"column":0},"end":{"line":77,"column":21}},"77":{"start":{"line":78,"column":0},"end":{"line":78,"column":72}},"78":{"start":{"line":79,"column":0},"end":{"line":79,"column":18}},"79":{"start":{"line":80,"column":0},"end":{"line":80,"column":74}},"80":{"start":{"line":81,"column":0},"end":{"line":81,"column":11}},"81":{"start":{"line":82,"column":0},"end":{"line":82,"column":60}},"82":{"start":{"line":83,"column":0},"end":{"line":83,"column":56}},"83":{"start":{"line":84,"column":0},"end":{"line":84,"column":47}},"84":{"start":{"line":85,"column":0},"end":{"line":85,"column":23}},"85":{"start":{"line":86,"column":0},"end":{"line":86,"column":40}},"86":{"start":{"line":87,"column":0},"end":{"line":87,"column":56}},"87":{"start":{"line":88,"column":0},"end":{"line":88,"column":84}},"88":{"start":{"line":89,"column":0},"end":{"line":89,"column":37}},"89":{"start":{"line":90,"column":0},"end":{"line":90,"column":18}},"90":{"start":{"line":91,"column":0},"end":{"line":91,"column":68}},"91":{"start":{"line":92,"column":0},"end":{"line":92,"column":11}},"92":{"start":{"line":93,"column":0},"end":{"line":93,"column":16}},"93":{"start":{"line":94,"column":0},"end":{"line":94,"column":68}},"94":{"start":{"line":95,"column":0},"end":{"line":95,"column":9}},"95":{"start":{"line":96,"column":0},"end":{"line":96,"column":19}},"96":{"start":{"line":97,"column":0},"end":{"line":97,"column":97}},"97":{"start":{"line":98,"column":0},"end":{"line":98,"column":17}},"98":{"start":{"line":99,"column":0},"end":{"line":99,"column":28}},"99":{"start":{"line":100,"column":0},"end":{"line":100,"column":7}},"100":{"start":{"line":101,"column":0},"end":{"line":101,"column":5}},"101":{"start":{"line":102,"column":0},"end":{"line":102,"column":25}},"102":{"start":{"line":103,"column":0},"end":{"line":103,"column":43}},"103":{"start":{"line":104,"column":0},"end":{"line":104,"column":34}},"104":{"start":{"line":105,"column":0},"end":{"line":105,"column":7}},"105":{"start":{"line":106,"column":0},"end":{"line":106,"column":5}},"106":{"start":{"line":107,"column":0},"end":{"line":107,"column":4}},"107":{"start":{"line":108,"column":0},"end":{"line":108,"column":0}},"108":{"start":{"line":109,"column":0},"end":{"line":109,"column":44}},"109":{"start":{"line":110,"column":0},"end":{"line":110,"column":21}},"110":{"start":{"line":111,"column":0},"end":{"line":111,"column":19}},"111":{"start":{"line":112,"column":0},"end":{"line":112,"column":20}},"112":{"start":{"line":113,"column":0},"end":{"line":113,"column":77}},"113":{"start":{"line":114,"column":0},"end":{"line":114,"column":0}},"114":{"start":{"line":115,"column":0},"end":{"line":115,"column":9}},"115":{"start":{"line":116,"column":0},"end":{"line":116,"column":51}},"116":{"start":{"line":117,"column":0},"end":{"line":117,"column":22}},"117":{"start":{"line":118,"column":0},"end":{"line":118,"column":6}},"118":{"start":{"line":119,"column":0},"end":{"line":119,"column":18}},"119":{"start":{"line":120,"column":0},"end":{"line":120,"column":40}},"120":{"start":{"line":121,"column":0},"end":{"line":121,"column":34}},"121":{"start":{"line":122,"column":0},"end":{"line":122,"column":28}},"122":{"start":{"line":123,"column":0},"end":{"line":123,"column":9}},"123":{"start":{"line":124,"column":0},"end":{"line":124,"column":22}},"124":{"start":{"line":125,"column":0},"end":{"line":125,"column":35}},"125":{"start":{"line":126,"column":0},"end":{"line":126,"column":0}},"126":{"start":{"line":127,"column":0},"end":{"line":127,"column":46}},"127":{"start":{"line":128,"column":0},"end":{"line":128,"column":30}},"128":{"start":{"line":129,"column":0},"end":{"line":129,"column":55}},"129":{"start":{"line":130,"column":0},"end":{"line":130,"column":35}},"130":{"start":{"line":131,"column":0},"end":{"line":131,"column":62}},"131":{"start":{"line":132,"column":0},"end":{"line":132,"column":7}},"132":{"start":{"line":133,"column":0},"end":{"line":133,"column":22}},"133":{"start":{"line":134,"column":0},"end":{"line":134,"column":38}},"134":{"start":{"line":135,"column":0},"end":{"line":135,"column":0}},"135":{"start":{"line":136,"column":0},"end":{"line":136,"column":28}},"136":{"start":{"line":137,"column":0},"end":{"line":137,"column":82}},"137":{"start":{"line":138,"column":0},"end":{"line":138,"column":34}},"138":{"start":{"line":139,"column":0},"end":{"line":139,"column":0}},"139":{"start":{"line":140,"column":0},"end":{"line":140,"column":19}},"140":{"start":{"line":141,"column":0},"end":{"line":141,"column":85}},"141":{"start":{"line":142,"column":0},"end":{"line":142,"column":25}},"142":{"start":{"line":143,"column":0},"end":{"line":143,"column":20}},"143":{"start":{"line":144,"column":0},"end":{"line":144,"column":26}},"144":{"start":{"line":145,"column":0},"end":{"line":145,"column":15}},"145":{"start":{"line":146,"column":0},"end":{"line":146,"column":24}},"146":{"start":{"line":147,"column":0},"end":{"line":147,"column":23}},"147":{"start":{"line":148,"column":0},"end":{"line":148,"column":5}},"148":{"start":{"line":149,"column":0},"end":{"line":149,"column":4}},"149":{"start":{"line":150,"column":0},"end":{"line":150,"column":0}},"150":{"start":{"line":151,"column":0},"end":{"line":151,"column":76}},"151":{"start":{"line":152,"column":0},"end":{"line":152,"column":41}},"152":{"start":{"line":153,"column":0},"end":{"line":153,"column":31}},"153":{"start":{"line":154,"column":0},"end":{"line":154,"column":4}},"154":{"start":{"line":155,"column":0},"end":{"line":155,"column":0}},"155":{"start":{"line":156,"column":0},"end":{"line":156,"column":50}},"156":{"start":{"line":157,"column":0},"end":{"line":157,"column":23}},"157":{"start":{"line":158,"column":0},"end":{"line":158,"column":4}},"158":{"start":{"line":159,"column":0},"end":{"line":159,"column":0}},"159":{"start":{"line":160,"column":0},"end":{"line":160,"column":46}},"160":{"start":{"line":161,"column":0},"end":{"line":161,"column":23}},"161":{"start":{"line":162,"column":0},"end":{"line":162,"column":43}},"162":{"start":{"line":163,"column":0},"end":{"line":163,"column":45}},"163":{"start":{"line":164,"column":0},"end":{"line":164,"column":24}},"164":{"start":{"line":165,"column":0},"end":{"line":165,"column":5}},"165":{"start":{"line":166,"column":0},"end":{"line":166,"column":4}},"166":{"start":{"line":167,"column":0},"end":{"line":167,"column":0}},"167":{"start":{"line":168,"column":0},"end":{"line":168,"column":30}},"168":{"start":{"line":169,"column":0},"end":{"line":169,"column":69}},"169":{"start":{"line":170,"column":0},"end":{"line":170,"column":42}},"170":{"start":{"line":171,"column":0},"end":{"line":171,"column":42}},"171":{"start":{"line":172,"column":0},"end":{"line":172,"column":17}},"172":{"start":{"line":173,"column":0},"end":{"line":173,"column":32}},"173":{"start":{"line":174,"column":0},"end":{"line":174,"column":14}},"174":{"start":{"line":175,"column":0},"end":{"line":175,"column":29}},"175":{"start":{"line":176,"column":0},"end":{"line":176,"column":4}},"176":{"start":{"line":177,"column":0},"end":{"line":177,"column":0}},"177":{"start":{"line":178,"column":0},"end":{"line":178,"column":36}},"178":{"start":{"line":179,"column":0},"end":{"line":179,"column":81}},"179":{"start":{"line":180,"column":0},"end":{"line":180,"column":4}},"180":{"start":{"line":181,"column":0},"end":{"line":181,"column":0}},"181":{"start":{"line":182,"column":0},"end":{"line":182,"column":10}},"182":{"start":{"line":183,"column":0},"end":{"line":183,"column":180}},"183":{"start":{"line":184,"column":0},"end":{"line":184,"column":43}},"184":{"start":{"line":185,"column":0},"end":{"line":185,"column":106}},"185":{"start":{"line":186,"column":0},"end":{"line":186,"column":78}},"186":{"start":{"line":187,"column":0},"end":{"line":187,"column":15}},"187":{"start":{"line":188,"column":0},"end":{"line":188,"column":6}},"188":{"start":{"line":189,"column":0},"end":{"line":189,"column":19}},"189":{"start":{"line":190,"column":0},"end":{"line":190,"column":13}},"190":{"start":{"line":191,"column":0},"end":{"line":191,"column":37}},"191":{"start":{"line":192,"column":0},"end":{"line":192,"column":29}},"192":{"start":{"line":193,"column":0},"end":{"line":193,"column":18}},"193":{"start":{"line":194,"column":0},"end":{"line":194,"column":41}},"194":{"start":{"line":195,"column":0},"end":{"line":195,"column":29}},"195":{"start":{"line":196,"column":0},"end":{"line":196,"column":33}},"196":{"start":{"line":197,"column":0},"end":{"line":197,"column":32}},"197":{"start":{"line":198,"column":0},"end":{"line":198,"column":30}},"198":{"start":{"line":199,"column":0},"end":{"line":199,"column":39}},"199":{"start":{"line":200,"column":0},"end":{"line":200,"column":29}},"200":{"start":{"line":201,"column":0},"end":{"line":201,"column":40}},"201":{"start":{"line":202,"column":0},"end":{"line":202,"column":51}},"202":{"start":{"line":203,"column":0},"end":{"line":203,"column":12}},"203":{"start":{"line":204,"column":0},"end":{"line":204,"column":32}},"204":{"start":{"line":205,"column":0},"end":{"line":205,"column":58}},"205":{"start":{"line":206,"column":0},"end":{"line":206,"column":62}},"206":{"start":{"line":207,"column":0},"end":{"line":207,"column":12}},"207":{"start":{"line":208,"column":0},"end":{"line":208,"column":32}},"208":{"start":{"line":209,"column":0},"end":{"line":209,"column":58}},"209":{"start":{"line":210,"column":0},"end":{"line":210,"column":62}},"210":{"start":{"line":211,"column":0},"end":{"line":211,"column":12}},"211":{"start":{"line":212,"column":0},"end":{"line":212,"column":9}},"212":{"start":{"line":213,"column":0},"end":{"line":213,"column":44}},"213":{"start":{"line":214,"column":0},"end":{"line":214,"column":107}},"214":{"start":{"line":215,"column":0},"end":{"line":215,"column":133}},"215":{"start":{"line":216,"column":0},"end":{"line":216,"column":172}},"216":{"start":{"line":217,"column":0},"end":{"line":217,"column":18}},"217":{"start":{"line":218,"column":0},"end":{"line":218,"column":16}},"218":{"start":{"line":219,"column":0},"end":{"line":219,"column":91}},"219":{"start":{"line":220,"column":0},"end":{"line":220,"column":76}},"220":{"start":{"line":221,"column":0},"end":{"line":221,"column":17}},"221":{"start":{"line":222,"column":0},"end":{"line":222,"column":24}},"222":{"start":{"line":223,"column":0},"end":{"line":223,"column":26}},"223":{"start":{"line":224,"column":0},"end":{"line":224,"column":39}},"224":{"start":{"line":225,"column":0},"end":{"line":225,"column":39}},"225":{"start":{"line":226,"column":0},"end":{"line":226,"column":28}},"226":{"start":{"line":227,"column":0},"end":{"line":227,"column":12}},"227":{"start":{"line":228,"column":0},"end":{"line":228,"column":17}},"228":{"start":{"line":229,"column":0},"end":{"line":229,"column":33}},"229":{"start":{"line":230,"column":0},"end":{"line":230,"column":20}},"230":{"start":{"line":231,"column":0},"end":{"line":231,"column":36}},"231":{"start":{"line":232,"column":0},"end":{"line":232,"column":29}},"232":{"start":{"line":233,"column":0},"end":{"line":233,"column":34}},"233":{"start":{"line":234,"column":0},"end":{"line":234,"column":30}},"234":{"start":{"line":235,"column":0},"end":{"line":235,"column":32}},"235":{"start":{"line":236,"column":0},"end":{"line":236,"column":38}},"236":{"start":{"line":237,"column":0},"end":{"line":237,"column":30}},"237":{"start":{"line":238,"column":0},"end":{"line":238,"column":27}},"238":{"start":{"line":239,"column":0},"end":{"line":239,"column":52}},"239":{"start":{"line":240,"column":0},"end":{"line":240,"column":14}},"240":{"start":{"line":241,"column":0},"end":{"line":241,"column":11}},"241":{"start":{"line":242,"column":0},"end":{"line":242,"column":16}},"242":{"start":{"line":243,"column":0},"end":{"line":243,"column":18}},"243":{"start":{"line":244,"column":0},"end":{"line":244,"column":14}},"244":{"start":{"line":245,"column":0},"end":{"line":245,"column":11}},"245":{"start":{"line":246,"column":0},"end":{"line":246,"column":95}},"246":{"start":{"line":247,"column":0},"end":{"line":247,"column":95}},"247":{"start":{"line":248,"column":0},"end":{"line":248,"column":93}},"248":{"start":{"line":249,"column":0},"end":{"line":249,"column":80}},"249":{"start":{"line":250,"column":0},"end":{"line":250,"column":18}},"250":{"start":{"line":251,"column":0},"end":{"line":251,"column":114}},"251":{"start":{"line":252,"column":0},"end":{"line":252,"column":131}},"252":{"start":{"line":253,"column":0},"end":{"line":253,"column":18}},"253":{"start":{"line":254,"column":0},"end":{"line":254,"column":94}},"254":{"start":{"line":255,"column":0},"end":{"line":255,"column":14}},"255":{"start":{"line":256,"column":0},"end":{"line":256,"column":8}},"256":{"start":{"line":257,"column":0},"end":{"line":257,"column":0}},"257":{"start":{"line":258,"column":0},"end":{"line":258,"column":66}},"258":{"start":{"line":259,"column":0},"end":{"line":259,"column":12}},"259":{"start":{"line":260,"column":0},"end":{"line":260,"column":16}},"260":{"start":{"line":261,"column":0},"end":{"line":261,"column":40}},"261":{"start":{"line":262,"column":0},"end":{"line":262,"column":20}},"262":{"start":{"line":263,"column":0},"end":{"line":263,"column":24}},"263":{"start":{"line":264,"column":0},"end":{"line":264,"column":36}},"264":{"start":{"line":265,"column":0},"end":{"line":265,"column":36}},"265":{"start":{"line":266,"column":0},"end":{"line":266,"column":41}},"266":{"start":{"line":267,"column":0},"end":{"line":267,"column":32}},"267":{"start":{"line":268,"column":0},"end":{"line":268,"column":34}},"268":{"start":{"line":269,"column":0},"end":{"line":269,"column":28}},"269":{"start":{"line":270,"column":0},"end":{"line":270,"column":14}},"270":{"start":{"line":271,"column":0},"end":{"line":271,"column":9}},"271":{"start":{"line":272,"column":0},"end":{"line":272,"column":19}},"272":{"start":{"line":273,"column":0},"end":{"line":273,"column":18}},"273":{"start":{"line":274,"column":0},"end":{"line":274,"column":11}},"274":{"start":{"line":275,"column":0},"end":{"line":275,"column":16}},"275":{"start":{"line":276,"column":0},"end":{"line":276,"column":34}},"276":{"start":{"line":277,"column":0},"end":{"line":277,"column":20}},"277":{"start":{"line":278,"column":0},"end":{"line":278,"column":30}},"278":{"start":{"line":279,"column":0},"end":{"line":279,"column":37}},"279":{"start":{"line":280,"column":0},"end":{"line":280,"column":36}},"280":{"start":{"line":281,"column":0},"end":{"line":281,"column":44}},"281":{"start":{"line":282,"column":0},"end":{"line":282,"column":32}},"282":{"start":{"line":283,"column":0},"end":{"line":283,"column":34}},"283":{"start":{"line":284,"column":0},"end":{"line":284,"column":29}},"284":{"start":{"line":285,"column":0},"end":{"line":285,"column":30}},"285":{"start":{"line":286,"column":0},"end":{"line":286,"column":32}},"286":{"start":{"line":287,"column":0},"end":{"line":287,"column":37}},"287":{"start":{"line":288,"column":0},"end":{"line":288,"column":41}},"288":{"start":{"line":289,"column":0},"end":{"line":289,"column":23}},"289":{"start":{"line":290,"column":0},"end":{"line":290,"column":45}},"290":{"start":{"line":291,"column":0},"end":{"line":291,"column":14}},"291":{"start":{"line":292,"column":0},"end":{"line":292,"column":83}},"292":{"start":{"line":293,"column":0},"end":{"line":293,"column":81}},"293":{"start":{"line":294,"column":0},"end":{"line":294,"column":9}},"294":{"start":{"line":295,"column":0},"end":{"line":295,"column":155}},"295":{"start":{"line":296,"column":0},"end":{"line":296,"column":69}},"296":{"start":{"line":297,"column":0},"end":{"line":297,"column":53}},"297":{"start":{"line":298,"column":0},"end":{"line":298,"column":54}},"298":{"start":{"line":299,"column":0},"end":{"line":299,"column":18}},"299":{"start":{"line":300,"column":0},"end":{"line":300,"column":18}},"300":{"start":{"line":301,"column":0},"end":{"line":301,"column":17}},"301":{"start":{"line":302,"column":0},"end":{"line":302,"column":12}},"302":{"start":{"line":303,"column":0},"end":{"line":303,"column":0}},"303":{"start":{"line":304,"column":0},"end":{"line":304,"column":17}},"304":{"start":{"line":305,"column":0},"end":{"line":305,"column":22}},"305":{"start":{"line":306,"column":0},"end":{"line":306,"column":30}},"306":{"start":{"line":307,"column":0},"end":{"line":307,"column":35}},"307":{"start":{"line":308,"column":0},"end":{"line":308,"column":40}},"308":{"start":{"line":309,"column":0},"end":{"line":309,"column":25}},"309":{"start":{"line":310,"column":0},"end":{"line":310,"column":29}},"310":{"start":{"line":311,"column":0},"end":{"line":311,"column":25}},"311":{"start":{"line":312,"column":0},"end":{"line":312,"column":29}},"312":{"start":{"line":313,"column":0},"end":{"line":313,"column":27}},"313":{"start":{"line":314,"column":0},"end":{"line":314,"column":11}},"314":{"start":{"line":315,"column":0},"end":{"line":315,"column":17}},"315":{"start":{"line":316,"column":0},"end":{"line":316,"column":14}},"316":{"start":{"line":317,"column":0},"end":{"line":317,"column":8}},"317":{"start":{"line":318,"column":0},"end":{"line":318,"column":0}},"318":{"start":{"line":319,"column":0},"end":{"line":319,"column":37}},"319":{"start":{"line":320,"column":0},"end":{"line":320,"column":96}},"320":{"start":{"line":321,"column":0},"end":{"line":321,"column":22}},"321":{"start":{"line":322,"column":0},"end":{"line":322,"column":25}},"322":{"start":{"line":323,"column":0},"end":{"line":323,"column":31}},"323":{"start":{"line":324,"column":0},"end":{"line":324,"column":35}},"324":{"start":{"line":325,"column":0},"end":{"line":325,"column":25}},"325":{"start":{"line":326,"column":0},"end":{"line":326,"column":29}},"326":{"start":{"line":327,"column":0},"end":{"line":327,"column":26}},"327":{"start":{"line":328,"column":0},"end":{"line":328,"column":90}},"328":{"start":{"line":329,"column":0},"end":{"line":329,"column":26}},"329":{"start":{"line":330,"column":0},"end":{"line":330,"column":28}},"330":{"start":{"line":331,"column":0},"end":{"line":331,"column":39}},"331":{"start":{"line":332,"column":0},"end":{"line":332,"column":11}},"332":{"start":{"line":333,"column":0},"end":{"line":333,"column":102}},"333":{"start":{"line":334,"column":0},"end":{"line":334,"column":92}},"334":{"start":{"line":335,"column":0},"end":{"line":335,"column":15}},"335":{"start":{"line":336,"column":0},"end":{"line":336,"column":14}},"336":{"start":{"line":337,"column":0},"end":{"line":337,"column":12}},"337":{"start":{"line":338,"column":0},"end":{"line":338,"column":10}},"338":{"start":{"line":339,"column":0},"end":{"line":339,"column":4}},"339":{"start":{"line":340,"column":0},"end":{"line":340,"column":2}},"340":{"start":{"line":341,"column":0},"end":{"line":341,"column":0}},"341":{"start":{"line":342,"column":0},"end":{"line":342,"column":50}},"342":{"start":{"line":343,"column":0},"end":{"line":343,"column":16}},"343":{"start":{"line":344,"column":0},"end":{"line":344,"column":39}},"344":{"start":{"line":345,"column":0},"end":{"line":345,"column":25}},"345":{"start":{"line":346,"column":0},"end":{"line":346,"column":1}}},"s":{"0":0,"1":0,"2":0,"3":0,"4":0,"5":0,"6":0,"7":0,"8":0,"9":0,"10":0,"11":0,"12":0,"13":0,"14":0,"15":0,"16":0,"17":0,"18":0,"19":0,"20":0,"21":0,"22":0,"23":0,"24":0,"25":0,"26":0,"27":0,"28":0,"29":0,"30":0,"31":0,"32":0,"33":0,"34":0,"35":0,"36":0,"37":0,"38":0,"39":0,"40":0,"41":0,"42":0,"43":0,"44":0,"45":0,"46":0,"47":0,"48":0,"49":0,"50":0,"51":0,"52":0,"53":0,"54":0,"55":0,"56":0,"57":0,"58":0,"59":0,"60":0,"61":0,"62":0,"63":0,"64":0,"65":0,"66":0,"67":0,"68":0,"69":0,"70":0,"71":0,"72":0,"73":0,"74":0,"75":0,"76":0,"77":0,"78":0,"79":0,"80":0,"81":0,"82":0,"83":0,"84":0,"85":0,"86":0,"87":0,"88":0,"89":0,"90":0,"91":0,"92":0,"93":0,"94":0,"95":0,"96":0,"97":0,"98":0,"99":0,"100":0,"101":0,"102":0,"103":0,"104":0,"105":0,"106":0,"107":0,"108":0,"109":0,"110":0,"111":0,"112":0,"113":0,"114":0,"115":0,"116":0,"117":0,"118":0,"119":0,"120":0,"121":0,"122":0,"123":0,"124":0,"125":0,"126":0,"127":0,"128":0,"129":0,"130":0,"131":0,"132":0,"133":0,"134":0,"135":0,"136":0,"137":0,"138":0,"139":0,"140":0,"141":0,"142":0,"143":0,"144":0,"145":0,"146":0,"147":0,"148":0,"149":0,"150":0,"151":0,"152":0,"153":0,"154":0,"155":0,"156":0,"157":0,"158":0,"159":0,"160":0,"161":0,"162":0,"163":0,"164":0,"165":0,"166":0,"167":0,"168":0,"169":0,"170":0,"171":0,"172":0,"173":0,"174":0,"175":0,"176":0,"177":0,"178":0,"179":0,"180":0,"181":0,"182":0,"183":0,"184":0,"185":0,"186":0,"187":0,"188":0,"189":0,"190":0,"191":0,"192":0,"193":0,"194":0,"195":0,"196":0,"197":0,"198":0,"199":0,"200":0,"201":0,"202":0,"203":0,"204":0,"205":0,"206":0,"207":0,"208":0,"209":0,"210":0,"211":0,"212":0,"213":0,"214":0,"215":0,"216":0,"217":0,"218":0,"219":0,"220":0,"221":0,"222":0,"223":0,"224":0,"225":0,"226":0,"227":0,"228":0,"229":0,"230":0,"231":0,"232":0,"233":0,"234":0,"235":0,"236":0,"237":0,"238":0,"239":0,"240":0,"241":0,"242":0,"243":0,"244":0,"245":0,"246":0,"247":0,"248":0,"249":0,"250":0,"251":0,"252":0,"253":0,"254":0,"255":0,"256":0,"257":0,"258":0,"259":0,"260":0,"261":0,"262":0,"263":0,"264":0,"265":0,"266":0,"267":0,"268":0,"269":0,"270":0,"271":0,"272":0,"273":0,"274":0,"275":0,"276":0,"277":0,"278":0,"279":0,"280":0,"281":0,"282":0,"283":0,"284":0,"285":0,"286":0,"287":0,"288":0,"289":0,"290":0,"291":0,"292":0,"293":0,"294":0,"295":0,"296":0,"297":0,"298":0,"299":0,"300":0,"301":0,"302":0,"303":0,"304":0,"305":0,"306":0,"307":0,"308":0,"309":0,"310":0,"311":0,"312":0,"313":0,"314":0,"315":0,"316":0,"317":0,"318":0,"319":0,"320":0,"321":0,"322":0,"323":0,"324":0,"325":0,"326":0,"327":0,"328":0,"329":0,"330":0,"331":0,"332":0,"333":0,"334":0,"335":0,"336":0,"337":0,"338":0,"339":0,"340":0,"341":0,"342":0,"343":0,"344":0,"345":0},"branchMap":{"0":{"type":"branch","line":1,"loc":{"start":{"line":1,"column":0},"end":
[...]
,"D:\\WebProject\\figmaTools\\src\\utils\\convert-helpers.ts": {"path":"D:\\WebProject\\figmaTools\\src\\utils\\convert-helpers.ts","all":false,"statementMap":{"0":{"start":{"line":1,"column":0},"end":{"line":1,"column":47}},"1":{"start":{"line":2,"column":0},"end":{"line":2,"column":0}},"2":{"start":{"line":3,"column":0},"end":{"line":3,"column":102}},"3":{"start":{"line":4,"column":0},"end":{"line":4,"column":0}},"4":{"start":{"line":5,"column":0},"end":{"line":5,"column":75}},"5":{"start":{"line":6,"column":0},"end":{"line":6,"column":90}},"6":{"start":{"line":7,"column":0},"end":{"line":7,"column":15}},"7":{"start":{"line":8,"column":0},"end":{"line":8,"column":2}},"8":{"start":{"line":9,"column":0},"end":{"line":9,"column":0}},"9":{"start":{"line":10,"column":0},"end":{"line":10,"column":69}},"10":{"start":{"line":11,"column":0},"end":{"line":11,"column":48}},"11":{"start":{"line":12,"column":0},"end":{"line":12,"column":106}},"12":{"start":{"line":13,"column":0},"end":{"line":13,"column":21}},"13":{"start":{"line":14,"column":0},"end":{"line":14,"column":2}},"14":{"start":{"line":15,"column":0},"end":{"line":15,"column":0}},"15":{"start":{"line":16,"column":0},"end":{"line":16,"column":55}},"16":{"start":{"line":17,"column":0},"end":{"line":17,"column":69}},"17":{"start":{"line":18,"column":0},"end":{"line":18,"column":15}},"18":{"start":{"line":19,"column":0},"end":{"line":19,"column":2}},"19":{"start":{"line":20,"column":0},"end":{"line":20,"column":0}},"20":{"start":{"line":21,"column":0},"end":{"line":21,"column":70}},"21":{"start":{"line":22,"column":0},"end":{"line":22,"column":69}},"22":{"start":{"line":23,"column":0},"end":{"line":23,"column":0}},"23":{"start":{"line":24,"column":0},"end":{"line":24,"column":58}},"24":{"start":{"line":25,"column":0},"end":{"line":25,"column":69}},"25":{"start":{"line":26,"column":0},"end":{"line":26,"column":49}},"26":{"start":{"line":27,"column":0},"end":{"line":27,"column":28}},"27":{"start":{"line":28,"column":0},"end":{"line":28,"column":2}},"28":{"start":{"line":29,"column":0},"end":{"line":29,"column":0}},"29":{"start":{"line":30,"column":0},"end":{"line":30,"column":71}},"30":{"start":{"line":31,"column":0},"end":{"line":31,"column":69}},"31":{"start":{"line":32,"column":0},"end":{"line":32,"column":65}},"32":{"start":{"line":33,"column":0},"end":{"line":33,"column":40}},"33":{"start":{"line":34,"column":0},"end":{"line":34,"column":2}},"34":{"start":{"line":35,"column":0},"end":{"line":35,"column":0}},"35":{"start":{"line":36,"column":0},"end":{"line":36,"column":147}},"36":{"start":{"line":37,"column":0},"end":{"line":37,"column":38}},"37":{"start":{"line":38,"column":0},"end":{"line":38,"column":36}},"38":{"start":{"line":39,"column":0},"end":{"line":39,"column":83}},"39":{"start":{"line":40,"column":0},"end":{"line":40,"column":85}},"40":{"start":{"line":41,"column":0},"end":{"line":41,"column":45}},"41":{"start":{"line":42,"column":0},"end":{"line":42,"column":38}},"42":{"start":{"line":43,"column":0},"end":{"line":43,"column":2}},"43":{"start":{"line":44,"column":0},"end":{"line":44,"column":0}},"44":{"start":{"line":45,"column":0},"end":{"line":45,"column":32}},"45":{"start":{"line":46,"column":0},"end":{"line":46,"column":66}},"46":{"start":{"line":47,"column":0},"end":{"line":47,"column":65}},"47":{"start":{"line":48,"column":0},"end":{"line":48,"column":4}},"48":{"start":{"line":49,"column":0},"end":{"line":49,"column":30}},"49":{"start":{"line":50,"column":0},"end":{"line":50,"column":30}},"50":{"start":{"line":51,"column":0},"end":{"line":51,"column":29}},"51":{"start":{"line":52,"column":0},"end":{"line":52,"column":27}},"52":{"start":{"line":53,"column":0},"end":{"line":53,"column":0}},"53":{"start":{"line":54,"column":0},"end":{"line":54,"column":58}},"54":{"start":{"line":55,"column":0},"end":{"line":55,"column":36}},"55":{"start":{"line":56,"column":0},"end":{"line":56,"column":73}},"56":{"start":{"line":57,"column":0},"end":{"line":57,"column":2}},"57":{"start":{"line":58,"column":0},"end":{"line":58,"column":0}},"58":{"start":{"line":59,"column":0},"end":{"line":59,"column":59}},"59":{"start":{"line":60,"column":0},"end":{"line":60,"column":37}},"60":{"start":{"line":61,"column":0},"end":{"line":61,"column":73}},"61":{"start":{"line":62,"column":0},"end":{"line":62,"column":2}},"62":{"start":{"line":63,"column":0},"end":{"line":63,"column":0}},"63":{"start":{"line":64,"column":0},"end":{"line":64,"column":82}},"64":{"start":{"line":65,"column":0},"end":{"line":65,"column":69}},"65":{"start":{"line":66,"column":0},"end":{"line":66,"column":57}},"66":{"start":{"line":67,"column":0},"end":{"line":67,"column":48}},"67":{"start":{"line":68,"column":0},"end":{"line":68,"column":54}},"68":{"start":{"line":69,"column":0},"end":{"line":69,"column":52}},"69":{"start":{"line":70,"column":0},"end":{"line":70,"column":5}},"70":{"start":{"line":71,"column":0},"end":{"line":71,"column":11}},"71":{"start":{"line":72,"column":0},"end":{"line":72,"column":3}},"72":{"start":{"line":73,"column":0},"end":{"line":73,"column":50}},"73":{"start":{"line":74,"column":0},"end":{"line":74,"column":52}},"74":{"start":{"line":75,"column":0},"end":{"line":75,"column":58}},"75":{"start":{"line":76,"column":0},"end":{"line":76,"column":56}},"76":{"start":{"line":77,"column":0},"end":{"line":77,"column":2}}},"s":{"0":1,"1":1,"2":1,"3":1,"4":1,"5":80,"6":72,"7":72,"8":1,"9":1,"10":16,"11":16,"12":0,"13":0,"14":1,"15":1,"16":70,"17":26,"18":26,"19":1,"20":1,"21":0,"22":1,"23":1,"24":15,"25":0,"26":0,"27":0,"28":1,"29":1,"30":32,"31":32,"32":2,"33":2,"34":1,"35":1,"36":15,"37":15,"38":15,"39":15,"40":15,"41":13,"42":13,"43":1,"44":1,"45":0,"46":0,"47":0,"48":0,"49":0,"50":0,"51":0,"52":1,"53":1,"54":13,"55":13,"56":13,"57":1,"58":1,"59":13,"60":13,"61":13,"62":1,"63":1,"64":3,"65":3,"66":3,"67":1,"68":1,"69":1,"70":1,"71":1,"72":2,"73":2,"74":2,"75":2,"76":2},"branchMap":{"0":{"type":"branch","line":5,"loc":{"start":{"line":5,"column":30},"end":{"line":8,"column":2}},"locations":[{"start":{"line":5,"column":30},"end":{"line":8,"column":2}}]},"1":{"type":"branch","line":6,"loc":{"start":{"line":6,"column":23},"end":{"line":6,"column":62}},"locations":[{"start":{"line":6,"column":23},"end":{"line":6,"column":62}}]},"2":{"type":"branch","line":6,"loc":{"start":{"line":6,"column":57},"end":{"line":6,"column":74}},"locations":[{"start":{"line":6,"column":57},"end":{"line":6,"column":74}}]},"3":{"type":"branch","line":6,"loc":{"start":{"line":6,"column":74},"end":{"line":6,"column":90}},"locations":[{"start":{"line":6,"column":74},"end":{"line":6,"column":90}}]},"4":{"type":"branch","line":6,"loc":{"start":{"line":6,"column":81},"end":{"line":8,"column":2}},"locations":[{"start":{"line":6,"column":81},"end":{"line":8,"column":2}}]},"5":{"type":"branch","line":10,"loc":{"start":{"line":10,"column":28},"end":{"line":14,"column":2}},"locations":[{"start":{"line":10,"column":28},"end":{"line":14,"column":2}}]},"6":{"type":"branch","line":11,"loc":{"start":{"line":11,"column":35},"end":{"line":11,"column":48}},"locations":[{"start":{"line":11,"column":35},"end":{"line":11,"column":48}}]},"7":{"type":"branch","line":11,"loc":{"start":{"line":11,"column":42},"end":{"line":12,"column":46}},"locations":[{"start":{"line":11,"column":42},"end":{"line":12,"column":46}}]},"8":{"type":"branch","line":12,"loc":{"start":{"line":12,"column":34},"end":{"line":12,"column":64}},"locations":[{"start":{"line":12,"column":34},"end":{"line":12,"column":64}}]},"9":{"type":"branch","line":12,"loc":{"start":{"line":12,"column":64},"end":{"line":12,"column":106}},"locations":[{"start":{"line":12,"column":64},"end":{"line":12,"column":106}}]},"10":{"type":"branch","line":12,"loc":{"start":{"line":12,"column":100},"end":{"line":14,"column":2}},"locations":[{"start":{"line":12,"column":100},"end":{"line":14,"column":2}}]},"11":{"type":"branch","line":16,"loc":{"start":{"line":16,"column":26},"end":{"line":19,"column":2}},"locations":[{"start":{"line":16,"column":26},"end":{"line":19,"column":2}}]},"12":{"type":"branch","line":17,"loc":{"start":{"line":17,"column":23},"end":{"line":17,"column":60}},"locations":[{"start":{"line":17,"column":23},"end":{"line":17,"column":60}}]},"13":{"type":"branch","line":17,"loc":{"start":{"line":17,"column":60},"end":{"line":17,"column":69}},"locations":[{"start":{"line":17,"column":60},"end":{"line":17,"column":69}}]},"14":{"type":"branch","line":17,"loc":{"start":{"line":17,"column":67},"end":{"line":19,"column":2}},"locations":[{"start":{"line":17,"column":67},"end":{"line":19,"column":2}}]},"15":{"type":"branch","line":24,"loc":{"start":{"line":24,"column":29},"end":{"line":28,"column":2}},"locations":[{"start":{"line":24,"column":29},"end":{"line":28,"column":2}}]},"16":{"type":"branch","line":25,"loc":{"start":{"line":25,"column":23},"end":{"line":25,"column":60}},"locations":[{"start":{"line":25,"column":23},"end":{"line":25,"column":60}}]},"17":{"type":"branch","line":25,"loc":{"start":{"line":25,"column":67},"end":{"line":28,"column":2}},"locations":[{"start":{"line":25,"column":67},"end":{"line":28,"column":2}}]},"18":{"type":"branch","line":30,"loc":{"start":{"line":30,"column":28},"end":{"line":34,"column":2}},"locations":[{"start":{"line":30,"column":28},"end":{"line":34,"column":2}}]},"19":{"type":"branch","line":31,"loc":{"start":{"line":31,"column":23},"end":{"line":31,"column":60}},"locations":[{"start":{"line":31,"column":23},"end":{"line":31,"column":60}}]},"20":{"type":"branch","line":31,"loc":{"start":{"line":31,"column":60},"end":{"line":31,"column":69}},"locations":[{"start":{"line":31,"column":60},"end":{"line":31,"column":69}}]},"21":{"type":"branch","line":31,"loc":{"start":{"line":31,"column":67},"end":{"line":32,"column":33}},"locations":[{"start":{"line":31,"column":67},"end":{"line":32,"column":33}}]},"22":{"type":"branch","line":32,"loc":{"start":{"line":32,"column":21},"end":{"line":32,"column":56}},"locations":[{"start":{"line":32,"column":21},"end":{"line":32,"column":56}}]},"23":{"type":"branch","line":32,"loc":{"start":{"line":32,"column":56},"end":{"line":32,"column":65}},"locations":[{"start":{"line":32,"column":56},"end":{"line":32,"column":65}}]},"24":{"type":"branch","line":32,"loc":{"start":{"line":32,"column":63},"end":{"line":34,"column":2}},"locations":[{"start":{"line":32,"column":63},"end":{"line":34,"column":2}}]},"25":{"type":"branch","line":36,"loc":{"start":{"line":36,"column":30},"end":{"line":43,"column":2}},"locations":[{"start":{"line":36,"column":30},"end":{"line":43,"column":2}}]},"26":{"type":"branch","line":41,"loc":{"start":{"line":41,"column":15},"end":{"line":41,"column":33}},"locations":[{"start":{"line":41,"column":15},"end":{"line":41,"column":33}}]},"27":{"type":"branch","line":41,"loc":{"start":{"line":41,"column":33},"end":{"line":41,"column":45}},"locations":[{"start":{"line":41,"column":33},"end":{"line":41,"column":45}}]},"28":{"type":"branch","line":41,"loc":{"start":{"line":41,"column":40},"end":{"line":43,"column":2}},"locations":[{"start":{"line":41,"column":40},"end":{"line":43,"column":2}}]},"29":{"type":"branch","line":54,"loc":{"start":{"line":54,"column":28},"end":{"line":57,"column":2}},"locations":[{"start":{"line":54,"column":28},"end":{"line":57,"column":2}}]},"30":{"type":"branch","line":56,"loc":{"start":{"line":56,"column":63},"end":{"line":56,"column":73}},"locations":[{"start":{"line":56,"column":63},"end":{"line":56,"column":73}}]},"31":{"type":"branch","line":59,"loc":{"start":{"line":59,"column":29},"end":{"line":62,"column":2}},"locations":[{"start":{"line":59,"column":29},"end":{"line":62,"column":2}}]},"32":{"type":"branch","line":61,"loc":{"start":{"line":61,"column":63},"end":{"line":61,"column":73}},"locations":[{"start":{"line":61,"column":63},"end":{"line":61,"column":73}}]},"33":{"type":"branch","line":64,"loc":{"start":{"line":64,"column":39},"end":{"line":77,"column":2}},"locations":[{"start":{"line":64,"column":39},"end":{"line":77,"column":2}}]},"34":{"type":"branch","line":65,"loc":{"start":{"line":65,"column":22},"end":{"line":65,"column":62}},"locations":[{"start":{"line":65,"column":22},"end":{"line":65,"column":62}}]},"35":{"type":"branch","line":65,"loc":{"start":{"line":65,"column":62},"end":{"line":65,"column":69}},"locations":[{"start":{"line":65,"column":62},"end":{"line":65,"column":69}}]},"36":{"type":"branch","line":67,"loc":{"start":{"line":67,"column":47},"end":{"line":72,"column":3}},"locations":[{"start":{"line":67,"column":47},"end":{"line":72,"column":3}}]},"37":{"type":"branch","line":72,"loc":{"start":{"line":72,"column":2},"end":{"line":77,"column":2}},"locations":[{"start":{"line":72,"column":2},"end":{"line":77,"column":2}}]}},"b":{"0":[80],"1":[72],"2":[72],"3":[8],"4":[72],"5":[16],"6":[4],"7":[12],"8":[12],"9":[12],"10":[0],"11":[70],"12":[26],"13":[44],"14":[26],"15":[15],"16":[0],"17":[0],"18":[32],"19":[12],"20":[20],"21":[12],"22":[2],"23":[10],"24":[2],"25":[15],"26":[13],"27":[2],"28":[13],"29":[13],"30":[0],"31":[13],"32":[0],"33":[3],"34":[1],"35":[0],"36":[1],"37":[2]},"fnMap":{"0":{"name":"clamp","decl":{"start":{"line":3,"column":21},"end":{"line":3,"column":102}},"loc":{"start":{"line":3,"column":21},"end":{"line":3,"column":102}},"line":3},"1":{"name":"toPositiveSize","decl":{"start":{"line":5,"column":30},"end":{"line":8,"column":2}},"loc":{"start":{"line":5,"column":30},"end":{"line":8,"column":2}},"line":5},"2":{"name":"getUnitValue","decl":{"start":{"line":10,"column":28},"end":{"line":14,"column":2}},"loc":{"start":{"line":10,"column":28},"end":{"line":14,"column":2}},"line":10},"3":{"name":"toPosition","decl":{"start":{"line":16,"column":26},"end":{"line":19,"column":2}},"loc":{"start":{"line":16,"column":26},"end":{"line":19,"column":2}},"line":16},"4":{"name":"toFiniteNumberOrNull","decl":{"start":{"line":21,"column":36},"end":{"line":22,"column":69}},"loc":{"start":{"line":21,"column":36},"end":{"line":22,"column":69}},"line":21},"5":{"name":"toNodeOpacity","decl":{"start":{"line":24,"column":29},"end":{"line":28,"column":2}},"loc":{"start":{"line":24,"column":29},"end":{"line":28,"column":2}},"line":24},"6":{"name":"toBoundsSize","decl":{"start":{"line":30,"column":28},"end":{"line":34,"column":2}},"loc":{"start":{"line":30,"column":28},"end":{"line":34,"column":2}},"line":30},"7":{"name":"getLayerBounds","decl":{"start":{"line":36,"column":30},"end":{"line":43,"column":2}},"loc":{"start":{"line":36,"column":30},"end":{"line":43,"column":2}},"line":36},"8":{"name":"isBoundsOverlap","decl":{"start":{"line":45,"column":31},"end":{"line":52,"column":27}},"loc":{"start":{"line":45,"column":31},"end":{"line":52,"column":27}},"line":45},"9":{"name":"getNodeWidth","decl":{"start":{"line":54,"column":28},"end":{"line":57,"column":2}},"loc":{"start":{"line":54,"column":28},"end":{"line":57,"column":2}},"line":54},"10":{"name":"getNodeHeight","decl":{"start":{"line":59,"column":29},"end":{"line":62,"column":2}},"loc":{"start":{"line":59,"column":29},"end":{"line":62,"column":2}},"line":59},"11":{"name":"copyCornerRadiiFromNode","decl":{"start":{"line":64,"column":39},"end":{"line":77,"column":2}},"loc":{"start":{"line":64,"column":39},"end":{"line":77,"column":2}},"line":64}},"f":{"0":0,"1":80,"2":16,"3":70,"4":0,"5":15,"6":32,"7":15,"8":0,"9":13,"10":13,"11":3}}
,"D:\\WebProject\\figmaTools\\src\\utils\\figma-helpers.ts": {"path":"D:\\WebProject\\figmaTools\\src\\utils\\figma-helpers.ts","all":false,"statementMap":{"0":{"start":{"line":1,"column":0},"end":{"line":1,"column":63}},"1":{"start":{"line":2,"column":0},"end":{"line":2,"column":25}},"2":{"start":{"line":3,"column":0},"end":{"line":3,"column":47}},"3":{"start":{"line":4,"column":0},"end":{"line":4,"column":35}},"4":{"start":{"line":5,"column":0},"end":{"line":5,"column":35}},"5":{"start":{"line":6,"column":0},"end":{"line":6,"column":39}},"6":{"start":{"line":7,"column":0},"end":{"line":7,"column":45}},"7":{"start":{"line":8,"column":0},"end":{"line":8,"column":43}},"8":{"start":{"line":9,"column":0},"end":{"line":9,"column":37}},"9":{"start":{"line":10,"column":0},"end":{"line":10,"column":35}},"10":{"start":{"line":11,"column":0},"end":{"line":11,"column":47}},"11":{"start":{"line":12,"column":0},"end":{"line":12,"column":45}},"12":{"start":{"line":13,"column":0},"end":{"line":13,"column":37}},"13":{"start":{"line":14,"column":0},"end":{"line":14,"column":43}},"14":{"start":{"line":15,"column":0},"end":{"line":15,"column":43}},"15":{"start":{"line":16,"column":0},"end":{"line":16,"column":43}},"16":{"start":{"line":17,"column":0},"end":{"line":17,"column":41}},"17":{"start":{"line":18,"column":0},"end":{"line":18,"column":29}},"18":{"start":{"line":19,"column":0},"end":{"line":19,"column":43}},"19":{"start":{"line":20,"column":0},"end":{"line":20,"column":33}},"20":{"start":{"line":21,"column":0},"end":{"line":21,"column":43}},"21":{"start":{"line":22,"column":0},"end":{"line":22,"column":29}},"22":{"start":{"line":23,"column":0},"end":{"line":23,"column":3}},"23":{"start":{"line":24,"column":0},"end":{"line":24,"column":1}},"24":{"start":{"line":25,"column":0},"end":{"line":25,"column":0}},"25":{"start":{"line":26,"column":0},"end":{"line":26,"column":57}},"26":{"start":{"line":27,"column":0},"end":{"line":27,"column":21}},"27":{"start":{"line":28,"column":0},"end":{"line":28,"column":36}},"28":{"start":{"line":29,"column":0},"end":{"line":29,"column":138}},"29":{"start":{"line":30,"column":0},"end":{"line":30,"column":64}},"30":{"start":{"line":31,"column":0},"end":{"line":31,"column":31}},"31":{"start":{"line":32,"column":0},"end":{"line":32,"column":3}},"32":{"start":{"line":33,"column":0},"end":{"line":33,"column":1}},"33":{"start":{"line":34,"column":0},"end":{"line":34,"column":0}},"34":{"start":{"line":35,"column":0},"end":{"line":35,"column":71}},"35":{"start":{"line":36,"column":0},"end":{"line":36,"column":23}},"36":{"start":{"line":37,"column":0},"end":{"line":37,"column":41}},"37":{"start":{"line":38,"column":0},"end":{"line":38,"column":49}},"38":{"start":{"line":39,"column":0},"end":{"line":39,"column":27}},"39":{"start":{"line":40,"column":0},"end":{"line":40,"column":3}},"40":{"start":{"line":41,"column":0},"end":{"line":41,"column":1}}},"s":{"0":1,"1":0,"2":0,"3":0,"4":0,"5":0,"6":0,"7":0,"8":0,"9":0,"10":0,"11":0,"12":0,"13":0,"14":0,"15":0,"16":0,"17":0,"18":0,"19":0,"20":0,"21":0,"22":0,"23":0,"24":1,"25":1,"26":0,"27":0,"28":0,"29":0,"30":0,"31":0,"32":0,"33":1,"34":1,"35":0,"36":0,"37":0,"38":0,"39":0,"40":0},"branchMap":{},"b":{},"fnMap":{"0":{"name":"mapBlendMode","decl":{"start":{"line":1,"column":7},"end":{"line":24,"column":1}},"loc":{"start":{"line":1,"column":7},"end":{"line":24,"column":1}},"line":1},"1":{"name":"mapTextCase","decl":{"start":{"line":26,"column":7},"end":{"line":33,"column":1}},"loc":{"start":{"line":26,"column":7},"end":{"line":33,"column":1}},"line":26},"2":{"name":"mapTextDecoration","decl":{"start":{"line":35,"column":7},"end":{"line":41,"column":1}},"loc":{"start":{"line":35,"column":7},"end":{"line":41,"column":1}},"line":35}},"f":{"0":0,"1":0,"2":0}}
}
